+ mkdir -p /home/tianon/downloads/docker-brew-ubuntu-debootstrap/15.04/rootfs
+ debootstrap --variant=minbase --components=main,universe --include=inetutils-ping,iproute2 --force-check-gpg vivid /home/tianon/downloads/docker-brew-ubuntu-debootstrap/15.04/rootfs http://archive.ubuntu.com/ubuntu
I: Retrieving Release 
I: Retrieving Release.gpg 
I: Checking Release signature
I: Valid Release signature (key id 790BC7277767219C42C86F933B4FE6ACC0B21F32)
I: Retrieving Packages 
I: Validating Packages 
I: Retrieving Packages 
I: Validating Packages 
I: Resolving dependencies of required packages...
I: Resolving dependencies of base packages...
I: Found additional base dependencies: gcc-4.9-base gnupg gpgv libapt-pkg4.12 libreadline6 libstdc++6 libusb-0.1-4 netbase readline-common ubuntu-keyring 
I: Checking component main on http://archive.ubuntu.com/ubuntu...
I: Checking component universe on http://archive.ubuntu.com/ubuntu...
I: Retrieving adduser 3.113+nmu3ubuntu3
I: Validating adduser 3.113+nmu3ubuntu3
I: Retrieving apt 1.0.9.7ubuntu4
I: Validating apt 1.0.9.7ubuntu4
I: Retrieving base-files 7.2ubuntu9
I: Validating base-files 7.2ubuntu9
I: Retrieving base-passwd 3.5.37
I: Validating base-passwd 3.5.37
I: Retrieving bash 4.3-11ubuntu2
I: Validating bash 4.3-11ubuntu2
I: Retrieving bsdutils 1:2.25.2-4ubuntu2
I: Validating bsdutils 1:2.25.2-4ubuntu2
I: Retrieving coreutils 8.23-3ubuntu1
I: Validating coreutils 8.23-3ubuntu1
I: Retrieving dash 0.5.7-4ubuntu1
I: Validating dash 0.5.7-4ubuntu1
I: Retrieving debconf 1.5.55ubuntu2
I: Validating debconf 1.5.55ubuntu2
I: Retrieving debianutils 4.4
I: Validating debianutils 4.4
I: Retrieving diffutils 1:3.3-1
I: Validating diffutils 1:3.3-1
I: Retrieving dmsetup 2:1.02.90-2ubuntu1
I: Validating dmsetup 2:1.02.90-2ubuntu1
I: Retrieving dpkg 1.17.25ubuntu1
I: Validating dpkg 1.17.25ubuntu1
I: Retrieving e2fslibs 1.42.12-1ubuntu2
I: Validating e2fslibs 1.42.12-1ubuntu2
I: Retrieving e2fsprogs 1.42.12-1ubuntu2
I: Validating e2fsprogs 1.42.12-1ubuntu2
I: Retrieving findutils 4.4.2-9build1
I: Validating findutils 4.4.2-9build1
I: Retrieving gcc-4.9-base 4.9.2-10ubuntu13
I: Validating gcc-4.9-base 4.9.2-10ubuntu13
I: Retrieving gcc-5-base 5.1~rc1-0ubuntu1
I: Validating gcc-5-base 5.1~rc1-0ubuntu1
I: Retrieving gnupg 1.4.18-7ubuntu1
I: Validating gnupg 1.4.18-7ubuntu1
I: Retrieving gpgv 1.4.18-7ubuntu1
I: Validating gpgv 1.4.18-7ubuntu1
I: Retrieving grep 2.20-4.1
I: Validating grep 2.20-4.1
I: Retrieving gzip 1.6-4ubuntu1
I: Validating gzip 1.6-4ubuntu1
I: Retrieving hostname 3.15ubuntu2
I: Validating hostname 3.15ubuntu2
I: Retrieving init 1.22ubuntu11
I: Validating init 1.22ubuntu11
I: Retrieving initscripts 2.88dsf-53.2ubuntu12
I: Validating initscripts 2.88dsf-53.2ubuntu12
I: Retrieving insserv 1.14.0-5ubuntu3
I: Validating insserv 1.14.0-5ubuntu3
I: Retrieving iproute2 3.16.0-2ubuntu1
I: Validating iproute2 3.16.0-2ubuntu1
I: Retrieving libacl1 2.2.52-2
I: Validating libacl1 2.2.52-2
I: Retrieving libapparmor1 2.9.1-0ubuntu9
I: Validating libapparmor1 2.9.1-0ubuntu9
I: Retrieving libapt-pkg4.12 1.0.9.7ubuntu4
I: Validating libapt-pkg4.12 1.0.9.7ubuntu4
I: Retrieving libattr1 1:2.4.47-2
I: Validating libattr1 1:2.4.47-2
I: Retrieving libaudit-common 1:2.3.7-1ubuntu2
I: Validating libaudit-common 1:2.3.7-1ubuntu2
I: Retrieving libaudit1 1:2.3.7-1ubuntu2
I: Validating libaudit1 1:2.3.7-1ubuntu2
I: Retrieving libblkid1 2.25.2-4ubuntu2
I: Validating libblkid1 2.25.2-4ubuntu2
I: Retrieving libbz2-1.0 1.0.6-7
I: Validating libbz2-1.0 1.0.6-7
I: Retrieving libc-bin 2.21-0ubuntu4
I: Validating libc-bin 2.21-0ubuntu4
I: Retrieving libc6 2.21-0ubuntu4
I: Validating libc6 2.21-0ubuntu4
I: Retrieving libcap2 1:2.24-6
I: Validating libcap2 1:2.24-6
I: Retrieving libcap2-bin 1:2.24-6
I: Validating libcap2-bin 1:2.24-6
I: Retrieving libcomerr2 1.42.12-1ubuntu2
I: Validating libcomerr2 1.42.12-1ubuntu2
I: Retrieving libcryptsetup4 2:1.6.1-1ubuntu7
I: Validating libcryptsetup4 2:1.6.1-1ubuntu7
I: Retrieving libdb5.3 5.3.28-9
I: Validating libdb5.3 5.3.28-9
I: Retrieving libdebconfclient0 0.192ubuntu1
I: Validating libdebconfclient0 0.192ubuntu1
I: Retrieving libdevmapper1.02.1 2:1.02.90-2ubuntu1
I: Validating libdevmapper1.02.1 2:1.02.90-2ubuntu1
I: Retrieving libgcc1 1:5.1~rc1-0ubuntu1
I: Validating libgcc1 1:5.1~rc1-0ubuntu1
I: Retrieving libgcrypt20 1.6.2-4ubuntu2
I: Validating libgcrypt20 1.6.2-4ubuntu2
I: Retrieving libgpg-error0 1.17-3ubuntu1
I: Validating libgpg-error0 1.17-3ubuntu1
I: Retrieving libkmod2 18-3ubuntu1
I: Validating libkmod2 18-3ubuntu1
I: Retrieving liblzma5 5.1.1alpha+20120614-2ubuntu2
I: Validating liblzma5 5.1.1alpha+20120614-2ubuntu2
I: Retrieving libmount1 2.25.2-4ubuntu2
I: Validating libmount1 2.25.2-4ubuntu2
I: Retrieving libncurses5 5.9+20140712-2ubuntu2
I: Validating libncurses5 5.9+20140712-2ubuntu2
I: Retrieving libncursesw5 5.9+20140712-2ubuntu2
I: Validating libncursesw5 5.9+20140712-2ubuntu2
I: Retrieving libpam-modules 1.1.8-3.1ubuntu3
I: Validating libpam-modules 1.1.8-3.1ubuntu3
I: Retrieving libpam-modules-bin 1.1.8-3.1ubuntu3
I: Validating libpam-modules-bin 1.1.8-3.1ubuntu3
I: Retrieving libpam-runtime 1.1.8-3.1ubuntu3
I: Validating libpam-runtime 1.1.8-3.1ubuntu3
I: Retrieving libpam0g 1.1.8-3.1ubuntu3
I: Validating libpam0g 1.1.8-3.1ubuntu3
I: Retrieving libpcre3 2:8.35-3.3ubuntu1
I: Validating libpcre3 2:8.35-3.3ubuntu1
I: Retrieving libprocps3 1:3.3.9-1ubuntu8
I: Validating libprocps3 1:3.3.9-1ubuntu8
I: Retrieving libreadline6 6.3-8ubuntu1
I: Validating libreadline6 6.3-8ubuntu1
I: Retrieving libselinux1 2.3-2
I: Validating libselinux1 2.3-2
I: Retrieving libsemanage-common 2.3-1build1
I: Validating libsemanage-common 2.3-1build1
I: Retrieving libsemanage1 2.3-1build1
I: Validating libsemanage1 2.3-1build1
I: Retrieving libsepol1 2.3-2
I: Validating libsepol1 2.3-2
I: Retrieving libslang2 2.3.0-2ubuntu1
I: Validating libslang2 2.3.0-2ubuntu1
I: Retrieving libsmartcols1 2.25.2-4ubuntu2
I: Validating libsmartcols1 2.25.2-4ubuntu2
I: Retrieving libss2 1.42.12-1ubuntu2
I: Validating libss2 1.42.12-1ubuntu2
I: Retrieving libstdc++6 4.9.2-10ubuntu13
I: Validating libstdc++6 4.9.2-10ubuntu13
I: Retrieving libsystemd0 219-7ubuntu3
I: Validating libsystemd0 219-7ubuntu3
I: Retrieving libtinfo5 5.9+20140712-2ubuntu2
I: Validating libtinfo5 5.9+20140712-2ubuntu2
I: Retrieving libudev1 219-7ubuntu3
I: Validating libudev1 219-7ubuntu3
I: Retrieving libusb-0.1-4 2:0.1.12-25
I: Validating libusb-0.1-4 2:0.1.12-25
I: Retrieving libustr-1.0-1 1.0.4-3ubuntu2
I: Validating libustr-1.0-1 1.0.4-3ubuntu2
I: Retrieving libuuid1 2.25.2-4ubuntu2
I: Validating libuuid1 2.25.2-4ubuntu2
I: Retrieving locales 2.13+git20120306-19
I: Validating locales 2.13+git20120306-19
I: Retrieving login 1:4.1.5.1-1.1ubuntu4
I: Validating login 1:4.1.5.1-1.1ubuntu4
I: Retrieving lsb-base 4.1+Debian11ubuntu8
I: Validating lsb-base 4.1+Debian11ubuntu8
I: Retrieving makedev 2.3.1-93ubuntu1
I: Validating makedev 2.3.1-93ubuntu1
I: Retrieving mawk 1.3.3-17ubuntu2
I: Validating mawk 1.3.3-17ubuntu2
I: Retrieving mount 2.25.2-4ubuntu2
I: Validating mount 2.25.2-4ubuntu2
I: Retrieving multiarch-support 2.21-0ubuntu4
I: Validating multiarch-support 2.21-0ubuntu4
I: Retrieving ncurses-base 5.9+20140712-2ubuntu2
I: Validating ncurses-base 5.9+20140712-2ubuntu2
I: Retrieving ncurses-bin 5.9+20140712-2ubuntu2
I: Validating ncurses-bin 5.9+20140712-2ubuntu2
I: Retrieving netbase 5.3
I: Validating netbase 5.3
I: Retrieving passwd 1:4.1.5.1-1.1ubuntu4
I: Validating passwd 1:4.1.5.1-1.1ubuntu4
I: Retrieving perl-base 5.20.2-2
I: Validating perl-base 5.20.2-2
I: Retrieving procps 1:3.3.9-1ubuntu8
I: Validating procps 1:3.3.9-1ubuntu8
I: Retrieving readline-common 6.3-8ubuntu1
I: Validating readline-common 6.3-8ubuntu1
I: Retrieving sed 4.2.2-4ubuntu1
I: Validating sed 4.2.2-4ubuntu1
I: Retrieving sensible-utils 0.0.9
I: Validating sensible-utils 0.0.9
I: Retrieving systemd 219-7ubuntu3
I: Validating systemd 219-7ubuntu3
I: Retrieving systemd-sysv 219-7ubuntu3
I: Validating systemd-sysv 219-7ubuntu3
I: Retrieving sysv-rc 2.88dsf-53.2ubuntu12
I: Validating sysv-rc 2.88dsf-53.2ubuntu12
I: Retrieving sysvinit-utils 2.88dsf-53.2ubuntu12
I: Validating sysvinit-utils 2.88dsf-53.2ubuntu12
I: Retrieving tar 1.27.1-2
I: Validating tar 1.27.1-2
I: Retrieving tzdata 2015c-1
I: Validating tzdata 2015c-1
I: Retrieving ubuntu-keyring 2012.05.19
I: Validating ubuntu-keyring 2012.05.19
I: Retrieving udev 219-7ubuntu3
I: Validating udev 219-7ubuntu3
I: Retrieving util-linux 2.25.2-4ubuntu2
I: Validating util-linux 2.25.2-4ubuntu2
I: Retrieving zlib1g 1:1.2.8.dfsg-2ubuntu1
I: Validating zlib1g 1:1.2.8.dfsg-2ubuntu1
I: Retrieving inetutils-ping 2:1.9.2.39.3a460-3
I: Validating inetutils-ping 2:1.9.2.39.3a460-3
I: Chosen extractor for .deb packages: dpkg-deb
I: Extracting adduser...
I: Extracting base-files...
I: Extracting base-passwd...
I: Extracting bash...
I: Extracting bsdutils...
I: Extracting coreutils...
I: Extracting dash...
I: Extracting debconf...
I: Extracting debianutils...
I: Extracting diffutils...
I: Extracting dmsetup...
I: Extracting dpkg...
I: Extracting e2fslibs...
I: Extracting e2fsprogs...
I: Extracting findutils...
I: Extracting gcc-5-base...
I: Extracting grep...
I: Extracting gzip...
I: Extracting hostname...
I: Extracting init...
I: Extracting initscripts...
I: Extracting insserv...
I: Extracting libacl1...
I: Extracting libapparmor1...
I: Extracting libattr1...
I: Extracting libaudit-common...
I: Extracting libaudit1...
I: Extracting libblkid1...
I: Extracting libbz2-1.0...
I: Extracting libc-bin...
I: Extracting libc6...
I: Extracting libcap2...
I: Extracting libcap2-bin...
I: Extracting libcomerr2...
I: Extracting libcryptsetup4...
I: Extracting libdb5.3...
I: Extracting libdebconfclient0...
I: Extracting libdevmapper1.02.1...
I: Extracting libgcc1...
I: Extracting libgcrypt20...
I: Extracting libgpg-error0...
I: Extracting libkmod2...
I: Extracting liblzma5...
I: Extracting libmount1...
I: Extracting libncurses5...
I: Extracting libncursesw5...
I: Extracting libpam-modules...
I: Extracting libpam-modules-bin...
I: Extracting libpam-runtime...
I: Extracting libpam0g...
I: Extracting libpcre3...
I: Extracting libprocps3...
I: Extracting libselinux1...
I: Extracting libsemanage-common...
I: Extracting libsemanage1...
I: Extracting libsepol1...
I: Extracting libslang2...
I: Extracting libsmartcols1...
I: Extracting libss2...
I: Extracting libsystemd0...
I: Extracting libtinfo5...
I: Extracting libudev1...
I: Extracting libustr-1.0-1...
I: Extracting libuuid1...
I: Extracting locales...
I: Extracting login...
I: Extracting lsb-base...
I: Extracting makedev...
I: Extracting mawk...
I: Extracting mount...
I: Extracting multiarch-support...
I: Extracting ncurses-base...
I: Extracting ncurses-bin...
I: Extracting passwd...
I: Extracting perl-base...
I: Extracting procps...
I: Extracting sed...
I: Extracting sensible-utils...
I: Extracting systemd...
I: Extracting systemd-sysv...
I: Extracting sysv-rc...
I: Extracting sysvinit-utils...
I: Extracting tar...
I: Extracting tzdata...
I: Extracting udev...
I: Extracting util-linux...
I: Extracting zlib1g...
I: Installing core packages...
I: Unpacking required packages...
I: Unpacking adduser...
I: Unpacking base-files...
I: Unpacking base-passwd...
I: Unpacking bash...
I: Unpacking bsdutils...
I: Unpacking coreutils...
I: Unpacking dash...
I: Unpacking debconf...
I: Unpacking debianutils...
I: Unpacking diffutils...
I: Unpacking dmsetup...
I: Unpacking dpkg...
I: Unpacking e2fslibs:amd64...
I: Unpacking e2fsprogs...
I: Unpacking findutils...
I: Unpacking gcc-5-base:amd64...
I: Unpacking grep...
I: Unpacking gzip...
I: Unpacking hostname...
I: Unpacking init...
I: Unpacking initscripts...
I: Unpacking insserv...
I: Unpacking libacl1:amd64...
I: Unpacking libapparmor1:amd64...
I: Unpacking libattr1:amd64...
I: Unpacking libaudit-common...
I: Unpacking libaudit1:amd64...
I: Unpacking libblkid1:amd64...
I: Unpacking libbz2-1.0:amd64...
I: Unpacking libc-bin...
I: Unpacking libc6:amd64...
I: Unpacking libcap2:amd64...
I: Unpacking libcap2-bin...
I: Unpacking libcomerr2:amd64...
I: Unpacking libcryptsetup4...
I: Unpacking libdb5.3:amd64...
I: Unpacking libdebconfclient0:amd64...
I: Unpacking libdevmapper1.02.1:amd64...
I: Unpacking libgcc1:amd64...
I: Unpacking libgcrypt20:amd64...
I: Unpacking libgpg-error0:amd64...
I: Unpacking libkmod2:amd64...
I: Unpacking liblzma5:amd64...
I: Unpacking libmount1:amd64...
I: Unpacking libncurses5:amd64...
I: Unpacking libncursesw5:amd64...
I: Unpacking libpam-modules:amd64...
I: Unpacking libpam-modules-bin...
I: Unpacking libpam-runtime...
I: Unpacking libpam0g:amd64...
I: Unpacking libpcre3:amd64...
I: Unpacking libprocps3:amd64...
I: Unpacking libselinux1:amd64...
I: Unpacking libsemanage-common...
I: Unpacking libsemanage1:amd64...
I: Unpacking libsepol1:amd64...
I: Unpacking libslang2:amd64...
I: Unpacking libsmartcols1:amd64...
I: Unpacking libss2:amd64...
I: Unpacking libsystemd0:amd64...
I: Unpacking libtinfo5:amd64...
I: Unpacking libudev1:amd64...
I: Unpacking libustr-1.0-1:amd64...
I: Unpacking libuuid1:amd64...
I: Unpacking locales...
I: Unpacking login...
I: Unpacking lsb-base...
I: Unpacking makedev...
I: Unpacking mawk...
I: Unpacking mount...
I: Unpacking multiarch-support...
I: Unpacking ncurses-base...
I: Unpacking ncurses-bin...
I: Unpacking passwd...
I: Unpacking perl-base...
I: Unpacking procps...
I: Unpacking sed...
I: Unpacking sensible-utils...
I: Unpacking systemd...
I: Unpacking systemd-sysv...
I: Unpacking sysv-rc...
I: Unpacking sysvinit-utils...
I: Unpacking tar...
I: Unpacking tzdata...
I: Unpacking udev...
I: Unpacking util-linux...
I: Unpacking zlib1g:amd64...
I: Configuring required packages...
I: Configuring lsb-base...
I: Configuring sensible-utils...
I: Configuring ncurses-base...
I: Configuring libsemanage-common...
I: Configuring libaudit-common...
I: Configuring gcc-5-base:amd64...
I: Configuring libc6:amd64...
I: Configuring libapparmor1:amd64...
I: Configuring diffutils...
I: Configuring insserv...
I: Configuring findutils...
I: Configuring locales...
I: Configuring debianutils...
I: Configuring hostname...
I: Configuring multiarch-support...
I: Configuring mawk...
I: Configuring libcap2:amd64...
I: Configuring libprocps3:amd64...
I: Configuring libpcre3:amd64...
I: Configuring libbz2-1.0:amd64...
I: Configuring libkmod2:amd64...
I: Configuring libgpg-error0:amd64...
I: Configuring base-files...
I: Configuring libc-bin...
I: Configuring libdebconfclient0:amd64...
I: Configuring libselinux1:amd64...
I: Configuring libcomerr2:amd64...
I: Configuring libslang2:amd64...
I: Configuring libsepol1:amd64...
I: Configuring libgcc1:amd64...
I: Configuring libustr-1.0-1:amd64...
I: Configuring libsmartcols1:amd64...
I: Configuring libaudit1:amd64...
I: Configuring libtinfo5:amd64...
I: Configuring libudev1:amd64...
I: Configuring libattr1:amd64...
I: Configuring libss2:amd64...
I: Configuring liblzma5:amd64...
I: Configuring base-passwd...
I: Configuring e2fslibs:amd64...
I: Configuring libgcrypt20:amd64...
I: Configuring libncursesw5:amd64...
I: Configuring libdb5.3:amd64...
I: Configuring libcap2-bin...
I: Configuring zlib1g:amd64...
I: Configuring libsystemd0:amd64...
I: Configuring libdevmapper1.02.1:amd64...
I: Configuring libsemanage1:amd64...
I: Configuring sysvinit-utils...
I: Configuring libacl1:amd64...
I: Configuring ncurses-bin...
I: Configuring libncurses5:amd64...
I: Configuring makedev...
I: Configuring bsdutils...
I: Configuring coreutils...
I: Configuring tar...
I: Configuring dpkg...
I: Configuring sed...
I: Configuring perl-base...
I: Configuring grep...
I: Configuring debconf...
I: Configuring tzdata...
I: Configuring gzip...
I: Configuring dash...
I: Configuring sysv-rc...
I: Configuring libpam0g:amd64...
I: Configuring libpam-modules-bin...
I: Configuring bash...
I: Configuring libpam-modules:amd64...
I: Configuring libpam-runtime...
I: Configuring passwd...
I: Configuring login...
I: Configuring adduser...
I: Configuring libuuid1:amd64...
I: Configuring libblkid1:amd64...
I: Configuring libmount1:amd64...
I: Configuring libcryptsetup4...
I: Configuring mount...
I: Configuring initscripts...
I: Configuring util-linux...
I: Configuring e2fsprogs...
I: Configuring procps...
I: Configuring udev...
I: Configuring systemd...
I: Configuring dmsetup...
I: Configuring systemd-sysv...
I: Configuring init...
I: Configuring libc-bin...
I: Unpacking the base system...
I: Unpacking apt...
I: Unpacking gcc-4.9-base:amd64...
I: Unpacking gnupg...
I: Unpacking gpgv...
I: Unpacking iproute2...
I: Unpacking libapt-pkg4.12:amd64...
I: Unpacking libreadline6:amd64...
I: Unpacking libstdc++6:amd64...
I: Unpacking libusb-0.1-4:amd64...
I: Unpacking netbase...
I: Unpacking readline-common...
I: Unpacking ubuntu-keyring...
I: Unpacking inetutils-ping...
I: Configuring the base system...
I: Configuring readline-common...
I: Configuring gpgv...
I: Configuring iproute2...
I: Configuring gcc-4.9-base:amd64...
I: Configuring libusb-0.1-4:amd64...
I: Configuring ubuntu-keyring...
I: Configuring libreadline6:amd64...
I: Configuring netbase...
I: Configuring inetutils-ping...
I: Configuring gnupg...
I: Configuring libstdc++6:amd64...
I: Configuring libapt-pkg4.12:amd64...
I: Configuring apt...
I: Configuring libc-bin...
I: Base system installed successfully.
+ echo exit 101 > '/home/tianon/downloads/docker-brew-ubuntu-debootstrap/15.04/rootfs/usr/sbin/policy-rc.d'
+ rootfs_chroot dpkg-divert --local --rename --add /sbin/initctl
+ PATH=/usr/local/sbin:/usr/local/bin:/usr/sbin:/usr/bin:/sbin:/bin
+ /bin/chroot /home/tianon/downloads/docker-brew-ubuntu-debootstrap/15.04/rootfs dpkg-divert --local --rename --add /sbin/initctl
Adding 'local diversion of /sbin/initctl to /sbin/initctl.distrib'
+ cp -a /home/tianon/downloads/docker-brew-ubuntu-debootstrap/15.04/rootfs/usr/sbin/policy-rc.d /home/tianon/downloads/docker-brew-ubuntu-debootstrap/15.04/rootfs/sbin/initctl
+ sed -i 's/^exit.*/exit 0/' /home/tianon/downloads/docker-brew-ubuntu-debootstrap/15.04/rootfs/sbin/initctl
+ rootfs_chroot apt-get clean
+ PATH=/usr/local/sbin:/usr/local/bin:/usr/sbin:/usr/bin:/sbin:/bin
+ /bin/chroot /home/tianon/downloads/docker-brew-ubuntu-debootstrap/15.04/rootfs apt-get clean
+ echo force-unsafe-io > '/home/tianon/downloads/docker-brew-ubuntu-debootstrap/15.04/rootfs/etc/dpkg/dpkg.cfg.d/docker-apt-speedup'
+ cat > '/home/tianon/downloads/docker-brew-ubuntu-debootstrap/15.04/rootfs/etc/apt/apt.conf.d/docker-clean'
+ echo Acquire::Languages 'none' > '/home/tianon/downloads/docker-brew-ubuntu-debootstrap/15.04/rootfs/etc/apt/apt.conf.d/docker-no-languages'
+ echo Acquire::GzipIndexes 'true' > '/home/tianon/downloads/docker-brew-ubuntu-debootstrap/15.04/rootfs/etc/apt/apt.conf.d/docker-gzip-indexes'
+ echo Apt::AutoRemove::SuggestsImportant 'false' > '/home/tianon/downloads/docker-brew-ubuntu-debootstrap/15.04/rootfs/etc/apt/apt.conf.d/docker-autoremove-suggests'
+ sed -i '
					p;
					s/ vivid / vivid-updates /; p;
					s/ vivid-updates / vivid-security /
				' /home/tianon/downloads/docker-brew-ubuntu-debootstrap/15.04/rootfs/etc/apt/sources.list
+ rootfs_chroot sh -xc 'apt-get update && apt-get dist-upgrade -y'
+ PATH=/usr/local/sbin:/usr/local/bin:/usr/sbin:/usr/bin:/sbin:/bin
+ /bin/chroot /home/tianon/downloads/docker-brew-ubuntu-debootstrap/15.04/rootfs sh -xc 'apt-get update && apt-get dist-upgrade -y'
+ apt-get update
Ign http://archive.ubuntu.com vivid InRelease
Ign http://archive.ubuntu.com vivid-updates InRelease
Ign http://archive.ubuntu.com vivid-security InRelease
Hit http://archive.ubuntu.com vivid Release.gpg
Get:1 http://archive.ubuntu.com vivid-updates Release.gpg [933 B]
Get:2 http://archive.ubuntu.com vivid-security Release.gpg [933 B]
Hit http://archive.ubuntu.com vivid Release
Get:3 http://archive.ubuntu.com vivid-updates Release [63.5 kB]
Get:4 http://archive.ubuntu.com vivid-security Release [63.5 kB]
Get:5 http://archive.ubuntu.com vivid/main amd64 Packages [1766 kB]
Get:6 http://archive.ubuntu.com vivid/universe amd64 Packages [8393 kB]
Get:7 http://archive.ubuntu.com vivid-updates/main amd64 Packages [232 kB]
Get:8 http://archive.ubuntu.com vivid-updates/universe amd64 Packages [128 kB]
Get:9 http://archive.ubuntu.com vivid-security/main amd64 Packages [136 kB]
Get:10 http://archive.ubuntu.com vivid-security/universe amd64 Packages [64.0 kB]
Fetched 10.8 MB in 3s (2870 kB/s)
Reading package lists...
+ apt-get dist-upgrade -y
Reading package lists...
Building dependency tree...
The following packages will be upgraded:
  apt bsdutils iproute2 libapt-pkg4.12 libblkid1 libmount1 libpcre3
  libsmartcols1 libsystemd0 libudev1 libuuid1 mount systemd systemd-sysv
  tzdata udev util-linux
17 upgraded, 0 newly installed, 0 to remove and 0 not upgraded.
Need to get 8347 kB of archives.
After this operation, 32.8 kB of additional disk space will be used.
Get:1 http://archive.ubuntu.com/ubuntu/ vivid-updates/main bsdutils amd64 1:2.25.2-4ubuntu3 [44.7 kB]
Get:2 http://archive.ubuntu.com/ubuntu/ vivid-updates/main mount amd64 2.25.2-4ubuntu3 [118 kB]
Get:3 http://archive.ubuntu.com/ubuntu/ vivid-updates/main tzdata all 2015f-0ubuntu0.15.04 [178 kB]
Get:4 http://archive.ubuntu.com/ubuntu/ vivid-updates/main util-linux amd64 2.25.2-4ubuntu3 [796 kB]
Get:5 http://archive.ubuntu.com/ubuntu/ vivid-updates/main libapt-pkg4.12 amd64 1.0.9.7ubuntu4.1 [682 kB]
Get:6 http://archive.ubuntu.com/ubuntu/ vivid-updates/main apt amd64 1.0.9.7ubuntu4.1 [1007 kB]
Get:7 http://archive.ubuntu.com/ubuntu/ vivid-updates/main libuuid1 amd64 2.25.2-4ubuntu3 [15.3 kB]
Get:8 http://archive.ubuntu.com/ubuntu/ vivid-updates/main libblkid1 amd64 2.25.2-4ubuntu3 [104 kB]
Get:9 http://archive.ubuntu.com/ubuntu/ vivid-updates/main libmount1 amd64 2.25.2-4ubuntu3 [111 kB]
Get:10 http://archive.ubuntu.com/ubuntu/ vivid-updates/main libpcre3 amd64 2:8.35-3.3ubuntu1.1 [222 kB]
Get:11 http://archive.ubuntu.com/ubuntu/ vivid-updates/main libsmartcols1 amd64 2.25.2-4ubuntu3 [60.5 kB]
Get:12 http://archive.ubuntu.com/ubuntu/ vivid-updates/main libudev1 amd64 219-7ubuntu6 [40.9 kB]
Get:13 http://archive.ubuntu.com/ubuntu/ vivid-updates/main udev amd64 219-7ubuntu6 [929 kB]
Get:14 http://archive.ubuntu.com/ubuntu/ vivid-updates/main libsystemd0 amd64 219-7ubuntu6 [73.8 kB]
Get:15 http://archive.ubuntu.com/ubuntu/ vivid-updates/main systemd amd64 219-7ubuntu6 [3530 kB]
Get:16 http://archive.ubuntu.com/ubuntu/ vivid-updates/main systemd-sysv amd64 219-7ubuntu6 [14.0 kB]
Get:17 http://archive.ubuntu.com/ubuntu/ vivid-updates/main iproute2 amd64 3.16.0-2ubuntu1.1 [420 kB]
perl: warning: Setting locale failed.
perl: warning: Please check that your locale settings:
	LANGUAGE = (unset),
	LC_ALL = (unset),
	LANG = "en_US.utf8"
    are supported and installed on your system.
perl: warning: Falling back to the standard locale ("C").
debconf: delaying package configuration, since apt-utils is not installed
Fetched 8347 kB in 4s (1783 kB/s)
E: Can not write log (Is /dev/pts mounted?) - posix_openpt (2: No such file or directory)
(Reading database ... 7389 files and directories currently installed.)
Preparing to unpack .../bsdutils_1%3a2.25.2-4ubuntu3_amd64.deb ...
Unpacking bsdutils (1:2.25.2-4ubuntu3) over (1:2.25.2-4ubuntu2) ...
Setting up bsdutils (1:2.25.2-4ubuntu3) ...
(Reading database ... 7389 files and directories currently installed.)
Preparing to unpack .../mount_2.25.2-4ubuntu3_amd64.deb ...
Unpacking mount (2.25.2-4ubuntu3) over (2.25.2-4ubuntu2) ...
Setting up mount (2.25.2-4ubuntu3) ...
(Reading database ... 7389 files and directories currently installed.)
Preparing to unpack .../tzdata_2015f-0ubuntu0.15.04_all.deb ...
Unpacking tzdata (2015f-0ubuntu0.15.04) over (2015c-1) ...
Setting up tzdata (2015f-0ubuntu0.15.04) ...
debconf: unable to initialize frontend: Dialog
debconf: (No usable dialog-like program is installed, so the dialog based frontend cannot be used. at /usr/share/perl5/Debconf/FrontEnd/Dialog.pm line 76.)
debconf: falling back to frontend: Readline
debconf: unable to initialize frontend: Readline
debconf: (Can't locate Term/ReadLine.pm in @INC (you may need to install the Term::ReadLine module) (@INC contains: /etc/perl /usr/local/lib/x86_64-linux-gnu/perl/5.20.2 /usr/local/share/perl/5.20.2 /usr/lib/x86_64-linux-gnu/perl5/5.20 /usr/share/perl5 /usr/lib/x86_64-linux-gnu/perl/5.20 /usr/share/perl/5.20 /usr/local/lib/site_perl .) at /usr/share/perl5/Debconf/FrontEnd/Readline.pm line 7.)
debconf: falling back to frontend: Teletype

Current default time zone: 'Etc/UTC'
Local time is now:      Thu Aug 20 21:32:09 UTC 2015.
Universal Time is now:  Thu Aug 20 21:32:09 UTC 2015.
Run 'dpkg-reconfigure tzdata' if you wish to change it.

(Reading database ... 7389 files and directories currently installed.)
Preparing to unpack .../util-linux_2.25.2-4ubuntu3_amd64.deb ...
Unpacking util-linux (2.25.2-4ubuntu3) over (2.25.2-4ubuntu2) ...
Processing triggers for systemd (219-7ubuntu3) ...
Setting up util-linux (2.25.2-4ubuntu3) ...
(Reading database ... 7389 files and directories currently installed.)
Preparing to unpack .../libapt-pkg4.12_1.0.9.7ubuntu4.1_amd64.deb ...
Unpacking libapt-pkg4.12:amd64 (1.0.9.7ubuntu4.1) over (1.0.9.7ubuntu4) ...
Setting up libapt-pkg4.12:amd64 (1.0.9.7ubuntu4.1) ...
Processing triggers for libc-bin (2.21-0ubuntu4) ...
(Reading database ... 7389 files and directories currently installed.)
Preparing to unpack .../apt_1.0.9.7ubuntu4.1_amd64.deb ...
Unpacking apt (1.0.9.7ubuntu4.1) over (1.0.9.7ubuntu4) ...
Setting up apt (1.0.9.7ubuntu4.1) ...
Processing triggers for libc-bin (2.21-0ubuntu4) ...
(Reading database ... 7389 files and directories currently installed.)
Preparing to unpack .../libuuid1_2.25.2-4ubuntu3_amd64.deb ...
Unpacking libuuid1:amd64 (2.25.2-4ubuntu3) over (2.25.2-4ubuntu2) ...
Setting up libuuid1:amd64 (2.25.2-4ubuntu3) ...
Processing triggers for libc-bin (2.21-0ubuntu4) ...
(Reading database ... 7389 files and directories currently installed.)
Preparing to unpack .../libblkid1_2.25.2-4ubuntu3_amd64.deb ...
Unpacking libblkid1:amd64 (2.25.2-4ubuntu3) over (2.25.2-4ubuntu2) ...
Setting up libblkid1:amd64 (2.25.2-4ubuntu3) ...
Processing triggers for libc-bin (2.21-0ubuntu4) ...
(Reading database ... 7389 files and directories currently installed.)
Preparing to unpack .../libmount1_2.25.2-4ubuntu3_amd64.deb ...
Unpacking libmount1:amd64 (2.25.2-4ubuntu3) over (2.25.2-4ubuntu2) ...
Setting up libmount1:amd64 (2.25.2-4ubuntu3) ...
Processing triggers for libc-bin (2.21-0ubuntu4) ...
(Reading database ... 7389 files and directories currently installed.)
Preparing to unpack .../libpcre3_2%3a8.35-3.3ubuntu1.1_amd64.deb ...
Unpacking libpcre3:amd64 (2:8.35-3.3ubuntu1.1) over (2:8.35-3.3ubuntu1) ...
Setting up libpcre3:amd64 (2:8.35-3.3ubuntu1.1) ...
Processing triggers for libc-bin (2.21-0ubuntu4) ...
(Reading database ... 7389 files and directories currently installed.)
Preparing to unpack .../libsmartcols1_2.25.2-4ubuntu3_amd64.deb ...
Unpacking libsmartcols1:amd64 (2.25.2-4ubuntu3) over (2.25.2-4ubuntu2) ...
Setting up libsmartcols1:amd64 (2.25.2-4ubuntu3) ...
Processing triggers for libc-bin (2.21-0ubuntu4) ...
(Reading database ... 7389 files and directories currently installed.)
Preparing to unpack .../libudev1_219-7ubuntu6_amd64.deb ...
Unpacking libudev1:amd64 (219-7ubuntu6) over (219-7ubuntu3) ...
Setting up libudev1:amd64 (219-7ubuntu6) ...
Processing triggers for libc-bin (2.21-0ubuntu4) ...
(Reading database ... 7389 files and directories currently installed.)
Preparing to unpack .../udev_219-7ubuntu6_amd64.deb ...
Unpacking udev (219-7ubuntu6) over (219-7ubuntu3) ...
Processing triggers for systemd (219-7ubuntu3) ...
Setting up udev (219-7ubuntu6) ...
A chroot environment has been detected, udev not started.
(Reading database ... 7389 files and directories currently installed.)
Preparing to unpack .../libsystemd0_219-7ubuntu6_amd64.deb ...
Unpacking libsystemd0:amd64 (219-7ubuntu6) over (219-7ubuntu3) ...
Setting up libsystemd0:amd64 (219-7ubuntu6) ...
Processing triggers for libc-bin (2.21-0ubuntu4) ...
(Reading database ... 7389 files and directories currently installed.)
Preparing to unpack .../systemd_219-7ubuntu6_amd64.deb ...
Unpacking systemd (219-7ubuntu6) over (219-7ubuntu3) ...
Setting up systemd (219-7ubuntu6) ...
(Reading database ... 7392 files and directories currently installed.)
Preparing to unpack .../systemd-sysv_219-7ubuntu6_amd64.deb ...
Unpacking systemd-sysv (219-7ubuntu6) over (219-7ubuntu3) ...
Setting up systemd-sysv (219-7ubuntu6) ...
(Reading database ... 7392 files and directories currently installed.)
Preparing to unpack .../iproute2_3.16.0-2ubuntu1.1_amd64.deb ...
Unpacking iproute2 (3.16.0-2ubuntu1.1) over (3.16.0-2ubuntu1) ...
Setting up iproute2 (3.16.0-2ubuntu1.1) ...
+ '[' -d /home/tianon/downloads/docker-brew-ubuntu-debootstrap/15.04/rootfs/var/lib/apt/lists ']'
+ rm -rf /home/tianon/downloads/docker-brew-ubuntu-debootstrap/15.04/rootfs/var/lib/apt/lists/archive.ubuntu.com_ubuntu_dists_vivid_main_binary-amd64_Packages.gz /home/tianon/downloads/docker-brew-ubuntu-debootstrap/15.04/rootfs/var/lib/apt/lists/archive.ubuntu.com_ubuntu_dists_vivid_Release /home/tianon/downloads/docker-brew-ubuntu-debootstrap/15.04/rootfs/var/lib/apt/lists/archive.ubuntu.com_ubuntu_dists_vivid_Release.gpg /home/tianon/downloads/docker-brew-ubuntu-debootstrap/15.04/rootfs/var/lib/apt/lists/archive.ubuntu.com_ubuntu_dists_vivid-security_main_binary-amd64_Packages.gz /home/tianon/downloads/docker-brew-ubuntu-debootstrap/15.04/rootfs/var/lib/apt/lists/archive.ubuntu.com_ubuntu_dists_vivid-security_Release /home/tianon/downloads/docker-brew-ubuntu-debootstrap/15.04/rootfs/var/lib/apt/lists/archive.ubuntu.com_ubuntu_dists_vivid-security_Release.gpg /home/tianon/downloads/docker-brew-ubuntu-debootstrap/15.04/rootfs/var/lib/apt/lists/archive.ubuntu.com_ubuntu_dists_vivid-security_universe_binary-amd64_Packages.gz /home/tianon/downloads/docker-brew-ubuntu-debootstrap/15.04/rootfs/var/lib/apt/lists/archive.ubuntu.com_ubuntu_dists_vivid_universe_binary-amd64_Packages.gz /home/tianon/downloads/docker-brew-ubuntu-debootstrap/15.04/rootfs/var/lib/apt/lists/archive.ubuntu.com_ubuntu_dists_vivid-updates_main_binary-amd64_Packages.gz /home/tianon/downloads/docker-brew-ubuntu-debootstrap/15.04/rootfs/var/lib/apt/lists/archive.ubuntu.com_ubuntu_dists_vivid-updates_Release /home/tianon/downloads/docker-brew-ubuntu-debootstrap/15.04/rootfs/var/lib/apt/lists/archive.ubuntu.com_ubuntu_dists_vivid-updates_Release.gpg /home/tianon/downloads/docker-brew-ubuntu-debootstrap/15.04/rootfs/var/lib/apt/lists/archive.ubuntu.com_ubuntu_dists_vivid-updates_universe_binary-amd64_Packages.gz /home/tianon/downloads/docker-brew-ubuntu-debootstrap/15.04/rootfs/var/lib/apt/lists/lock /home/tianon/downloads/docker-brew-ubuntu-debootstrap/15.04/rootfs/var/lib/apt/lists/partial
+ mkdir /home/tianon/downloads/docker-brew-ubuntu-debootstrap/15.04/rootfs/var/lib/apt/lists/partial
+ tar --numeric-owner --create --auto-compress --file /home/tianon/downloads/docker-brew-ubuntu-debootstrap/15.04/rootfs.tar.xz --directory /home/tianon/downloads/docker-brew-ubuntu-debootstrap/15.04/rootfs '--transform=s,^./,,' .
+ cat > '/home/tianon/downloads/docker-brew-ubuntu-debootstrap/15.04/Dockerfile'
+ echo 'CMD ["/bin/bash"]'
+ /home/tianon/docker/docker/contrib/mkimage/../nuke-graph-directory.sh /home/tianon/downloads/docker-brew-ubuntu-debootstrap/15.04/rootfs

Nuking /home/tianon/downloads/docker-brew-ubuntu-debootstrap/15.04/rootfs ...
  (if this is wrong, press Ctrl+C NOW!)

+ sleep 10

+ rm -rf /home/tianon/downloads/docker-brew-ubuntu-debootstrap/15.04/rootfs
