+ mkdir -p /home/tianon/downloads/docker-brew-ubuntu-debootstrap/14.04/rootfs
+ debootstrap --variant=minbase --components=main,universe --include=inetutils-ping,iproute2 --force-check-gpg trusty /home/tianon/downloads/docker-brew-ubuntu-debootstrap/14.04/rootfs http://archive.ubuntu.com/ubuntu
I: Retrieving Release 
I: Retrieving Release.gpg 
I: Checking Release signature
I: Valid Release signature (key id 790BC7277767219C42C86F933B4FE6ACC0B21F32)
I: Retrieving Packages 
I: Validating Packages 
I: Retrieving Packages 
I: Validating Packages 
I: Found packages in base already in required: iproute2 
I: Resolving dependencies of required packages...
I: Resolving dependencies of base packages...
I: Found additional base dependencies: gcc-4.8-base gnupg gpgv libapt-pkg4.12 libreadline6 libstdc++6 libusb-0.1-4 netbase readline-common ubuntu-keyring 
I: Checking component main on http://archive.ubuntu.com/ubuntu...
I: Checking component universe on http://archive.ubuntu.com/ubuntu...
I: Retrieving adduser 3.113+nmu3ubuntu3
I: Validating adduser 3.113+nmu3ubuntu3
I: Retrieving apt 1.0.1ubuntu2
I: Validating apt 1.0.1ubuntu2
I: Retrieving base-files 7.2ubuntu5
I: Validating base-files 7.2ubuntu5
I: Retrieving base-passwd 3.5.33
I: Validating base-passwd 3.5.33
I: Retrieving bash 4.3-6ubuntu1
I: Validating bash 4.3-6ubuntu1
I: Retrieving bsdutils 1:2.20.1-5.1ubuntu20
I: Validating bsdutils 1:2.20.1-5.1ubuntu20
I: Retrieving busybox-initramfs 1:1.21.0-1ubuntu1
I: Validating busybox-initramfs 1:1.21.0-1ubuntu1
I: Retrieving coreutils 8.21-1ubuntu5
I: Validating coreutils 8.21-1ubuntu5
I: Retrieving cpio 2.11+dfsg-1ubuntu1
I: Validating cpio 2.11+dfsg-1ubuntu1
I: Retrieving dash 0.5.7-4ubuntu1
I: Validating dash 0.5.7-4ubuntu1
I: Retrieving debconf 1.5.51ubuntu2
I: Validating debconf 1.5.51ubuntu2
I: Retrieving debianutils 4.4
I: Validating debianutils 4.4
I: Retrieving diffutils 1:3.3-1
I: Validating diffutils 1:3.3-1
I: Retrieving dpkg 1.17.5ubuntu5
I: Validating dpkg 1.17.5ubuntu5
I: Retrieving e2fslibs 1.42.9-3ubuntu1
I: Validating e2fslibs 1.42.9-3ubuntu1
I: Retrieving e2fsprogs 1.42.9-3ubuntu1
I: Validating e2fsprogs 1.42.9-3ubuntu1
I: Retrieving findutils 4.4.2-7
I: Validating findutils 4.4.2-7
I: Retrieving gcc-4.8-base 4.8.2-19ubuntu1
I: Validating gcc-4.8-base 4.8.2-19ubuntu1
I: Retrieving gcc-4.9-base 4.9-20140406-0ubuntu1
I: Validating gcc-4.9-base 4.9-20140406-0ubuntu1
I: Retrieving gnupg 1.4.16-1ubuntu2
I: Validating gnupg 1.4.16-1ubuntu2
I: Retrieving gpgv 1.4.16-1ubuntu2
I: Validating gpgv 1.4.16-1ubuntu2
I: Retrieving grep 2.16-1
I: Validating grep 2.16-1
I: Retrieving gzip 1.6-3ubuntu1
I: Validating gzip 1.6-3ubuntu1
I: Retrieving hostname 3.15ubuntu1
I: Validating hostname 3.15ubuntu1
I: Retrieving ifupdown 0.7.47.2ubuntu4
I: Validating ifupdown 0.7.47.2ubuntu4
I: Retrieving initramfs-tools 0.103ubuntu4
I: Validating initramfs-tools 0.103ubuntu4
I: Retrieving initramfs-tools-bin 0.103ubuntu4
I: Validating initramfs-tools-bin 0.103ubuntu4
I: Retrieving initscripts 2.88dsf-41ubuntu6
I: Validating initscripts 2.88dsf-41ubuntu6
I: Retrieving insserv 1.14.0-5ubuntu2
I: Validating insserv 1.14.0-5ubuntu2
I: Retrieving iproute2 3.12.0-2
I: Validating iproute2 3.12.0-2
I: Retrieving klibc-utils 2.0.3-0ubuntu1
I: Validating klibc-utils 2.0.3-0ubuntu1
I: Retrieving kmod 15-0ubuntu6
I: Validating kmod 15-0ubuntu6
I: Retrieving libacl1 2.2.52-1
I: Validating libacl1 2.2.52-1
I: Retrieving libapt-pkg4.12 1.0.1ubuntu2
I: Validating libapt-pkg4.12 1.0.1ubuntu2
I: Retrieving libattr1 1:2.4.47-1ubuntu1
I: Validating libattr1 1:2.4.47-1ubuntu1
I: Retrieving libaudit-common 1:2.3.2-2ubuntu1
I: Validating libaudit-common 1:2.3.2-2ubuntu1
I: Retrieving libaudit1 1:2.3.2-2ubuntu1
I: Validating libaudit1 1:2.3.2-2ubuntu1
I: Retrieving libblkid1 2.20.1-5.1ubuntu20
I: Validating libblkid1 2.20.1-5.1ubuntu20
I: Retrieving libbz2-1.0 1.0.6-5
I: Validating libbz2-1.0 1.0.6-5
I: Retrieving libc-bin 2.19-0ubuntu6
I: Validating libc-bin 2.19-0ubuntu6
I: Retrieving libc6 2.19-0ubuntu6
I: Validating libc6 2.19-0ubuntu6
I: Retrieving libcap2 1:2.24-0ubuntu2
I: Validating libcap2 1:2.24-0ubuntu2
I: Retrieving libcgmanager0 0.24-0ubuntu5
I: Validating libcgmanager0 0.24-0ubuntu5
I: Retrieving libcomerr2 1.42.9-3ubuntu1
I: Validating libcomerr2 1.42.9-3ubuntu1
I: Retrieving libdb5.3 5.3.28-3ubuntu3
I: Validating libdb5.3 5.3.28-3ubuntu3
I: Retrieving libdbus-1-3 1.6.18-0ubuntu4
I: Validating libdbus-1-3 1.6.18-0ubuntu4
I: Retrieving libdebconfclient0 0.187ubuntu1
I: Validating libdebconfclient0 0.187ubuntu1
I: Retrieving libdrm2 2.4.52-1
I: Validating libdrm2 2.4.52-1
I: Retrieving libgcc1 1:4.9-20140406-0ubuntu1
I: Validating libgcc1 1:4.9-20140406-0ubuntu1
I: Retrieving libjson-c2 0.11-3ubuntu1
I: Validating libjson-c2 0.11-3ubuntu1
I: Retrieving libjson0 0.11-3ubuntu1
I: Validating libjson0 0.11-3ubuntu1
I: Retrieving libklibc 2.0.3-0ubuntu1
I: Validating libklibc 2.0.3-0ubuntu1
I: Retrieving libkmod2 15-0ubuntu6
I: Validating libkmod2 15-0ubuntu6
I: Retrieving liblzma5 5.1.1alpha+20120614-2ubuntu2
I: Validating liblzma5 5.1.1alpha+20120614-2ubuntu2
I: Retrieving libmount1 2.20.1-5.1ubuntu20
I: Validating libmount1 2.20.1-5.1ubuntu20
I: Retrieving libncurses5 5.9+20140118-1ubuntu1
I: Validating libncurses5 5.9+20140118-1ubuntu1
I: Retrieving libncursesw5 5.9+20140118-1ubuntu1
I: Validating libncursesw5 5.9+20140118-1ubuntu1
I: Retrieving libnih-dbus1 1.0.3-4ubuntu25
I: Validating libnih-dbus1 1.0.3-4ubuntu25
I: Retrieving libnih1 1.0.3-4ubuntu25
I: Validating libnih1 1.0.3-4ubuntu25
I: Retrieving libpam-modules 1.1.8-1ubuntu2
I: Validating libpam-modules 1.1.8-1ubuntu2
I: Retrieving libpam-modules-bin 1.1.8-1ubuntu2
I: Validating libpam-modules-bin 1.1.8-1ubuntu2
I: Retrieving libpam-runtime 1.1.8-1ubuntu2
I: Validating libpam-runtime 1.1.8-1ubuntu2
I: Retrieving libpam0g 1.1.8-1ubuntu2
I: Validating libpam0g 1.1.8-1ubuntu2
I: Retrieving libpcre3 1:8.31-2ubuntu2
I: Validating libpcre3 1:8.31-2ubuntu2
I: Retrieving libplymouth2 0.8.8-0ubuntu17
I: Validating libplymouth2 0.8.8-0ubuntu17
I: Retrieving libpng12-0 1.2.50-1ubuntu2
I: Validating libpng12-0 1.2.50-1ubuntu2
I: Retrieving libprocps3 1:3.3.9-1ubuntu2
I: Validating libprocps3 1:3.3.9-1ubuntu2
I: Retrieving libreadline6 6.3-4ubuntu2
I: Validating libreadline6 6.3-4ubuntu2
I: Retrieving libselinux1 2.2.2-1
I: Validating libselinux1 2.2.2-1
I: Retrieving libsemanage-common 2.2-1
I: Validating libsemanage-common 2.2-1
I: Retrieving libsemanage1 2.2-1
I: Validating libsemanage1 2.2-1
I: Retrieving libsepol1 2.2-1
I: Validating libsepol1 2.2-1
I: Retrieving libslang2 2.2.4-15ubuntu1
I: Validating libslang2 2.2.4-15ubuntu1
I: Retrieving libss2 1.42.9-3ubuntu1
I: Validating libss2 1.42.9-3ubuntu1
I: Retrieving libstdc++6 4.8.2-19ubuntu1
I: Validating libstdc++6 4.8.2-19ubuntu1
I: Retrieving libtinfo5 5.9+20140118-1ubuntu1
I: Validating libtinfo5 5.9+20140118-1ubuntu1
I: Retrieving libudev1 204-5ubuntu20
I: Validating libudev1 204-5ubuntu20
I: Retrieving libusb-0.1-4 2:0.1.12-23.3ubuntu1
I: Validating libusb-0.1-4 2:0.1.12-23.3ubuntu1
I: Retrieving libustr-1.0-1 1.0.4-3ubuntu2
I: Validating libustr-1.0-1 1.0.4-3ubuntu2
I: Retrieving libuuid1 2.20.1-5.1ubuntu20
I: Validating libuuid1 2.20.1-5.1ubuntu20
I: Retrieving locales 2.13+git20120306-12
I: Validating locales 2.13+git20120306-12
I: Retrieving login 1:4.1.5.1-1ubuntu9
I: Validating login 1:4.1.5.1-1ubuntu9
I: Retrieving lsb-base 4.1+Debian11ubuntu6
I: Validating lsb-base 4.1+Debian11ubuntu6
I: Retrieving makedev 2.3.1-93ubuntu1
I: Validating makedev 2.3.1-93ubuntu1
I: Retrieving mawk 1.3.3-17ubuntu2
I: Validating mawk 1.3.3-17ubuntu2
I: Retrieving module-init-tools 15-0ubuntu6
I: Validating module-init-tools 15-0ubuntu6
I: Retrieving mount 2.20.1-5.1ubuntu20
I: Validating mount 2.20.1-5.1ubuntu20
I: Retrieving mountall 2.53
I: Validating mountall 2.53
I: Retrieving multiarch-support 2.19-0ubuntu6
I: Validating multiarch-support 2.19-0ubuntu6
I: Retrieving ncurses-base 5.9+20140118-1ubuntu1
I: Validating ncurses-base 5.9+20140118-1ubuntu1
I: Retrieving ncurses-bin 5.9+20140118-1ubuntu1
I: Validating ncurses-bin 5.9+20140118-1ubuntu1
I: Retrieving netbase 5.2
I: Validating netbase 5.2
I: Retrieving passwd 1:4.1.5.1-1ubuntu9
I: Validating passwd 1:4.1.5.1-1ubuntu9
I: Retrieving perl-base 5.18.2-2ubuntu1
I: Validating perl-base 5.18.2-2ubuntu1
I: Retrieving plymouth 0.8.8-0ubuntu17
I: Validating plymouth 0.8.8-0ubuntu17
I: Retrieving procps 1:3.3.9-1ubuntu2
I: Validating procps 1:3.3.9-1ubuntu2
I: Retrieving readline-common 6.3-4ubuntu2
I: Validating readline-common 6.3-4ubuntu2
I: Retrieving sed 4.2.2-4ubuntu1
I: Validating sed 4.2.2-4ubuntu1
I: Retrieving sensible-utils 0.0.9
I: Validating sensible-utils 0.0.9
I: Retrieving sysv-rc 2.88dsf-41ubuntu6
I: Validating sysv-rc 2.88dsf-41ubuntu6
I: Retrieving sysvinit-utils 2.88dsf-41ubuntu6
I: Validating sysvinit-utils 2.88dsf-41ubuntu6
I: Retrieving tar 1.27.1-1
I: Validating tar 1.27.1-1
I: Retrieving tzdata 2014b-1
I: Validating tzdata 2014b-1
I: Retrieving ubuntu-keyring 2012.05.19
I: Validating ubuntu-keyring 2012.05.19
I: Retrieving udev 204-5ubuntu20
I: Validating udev 204-5ubuntu20
I: Retrieving upstart 1.12.1-0ubuntu4
I: Validating upstart 1.12.1-0ubuntu4
I: Retrieving util-linux 2.20.1-5.1ubuntu20
I: Validating util-linux 2.20.1-5.1ubuntu20
I: Retrieving zlib1g 1:1.2.8.dfsg-1ubuntu1
I: Validating zlib1g 1:1.2.8.dfsg-1ubuntu1
I: Retrieving inetutils-ping 2:1.9.2-1
I: Validating inetutils-ping 2:1.9.2-1
I: Chosen extractor for .deb packages: dpkg-deb
I: Extracting adduser...
I: Extracting base-files...
I: Extracting base-passwd...
I: Extracting bash...
I: Extracting bsdutils...
I: Extracting busybox-initramfs...
I: Extracting coreutils...
I: Extracting cpio...
I: Extracting dash...
I: Extracting debconf...
I: Extracting debianutils...
I: Extracting diffutils...
I: Extracting dpkg...
I: Extracting e2fslibs...
I: Extracting e2fsprogs...
I: Extracting findutils...
I: Extracting gcc-4.9-base...
I: Extracting grep...
I: Extracting gzip...
I: Extracting hostname...
I: Extracting ifupdown...
I: Extracting initramfs-tools...
I: Extracting initramfs-tools-bin...
I: Extracting initscripts...
I: Extracting insserv...
I: Extracting iproute2...
I: Extracting klibc-utils...
I: Extracting kmod...
I: Extracting libacl1...
I: Extracting libattr1...
I: Extracting libaudit-common...
I: Extracting libaudit1...
I: Extracting libblkid1...
I: Extracting libbz2-1.0...
I: Extracting libc-bin...
I: Extracting libc6...
I: Extracting libcap2...
I: Extracting libcgmanager0...
I: Extracting libcomerr2...
I: Extracting libdb5.3...
I: Extracting libdbus-1-3...
I: Extracting libdebconfclient0...
I: Extracting libdrm2...
I: Extracting libgcc1...
I: Extracting libjson-c2...
I: Extracting libjson0...
I: Extracting libklibc...
I: Extracting libkmod2...
I: Extracting liblzma5...
I: Extracting libmount1...
I: Extracting libncurses5...
I: Extracting libncursesw5...
I: Extracting libnih-dbus1...
I: Extracting libnih1...
I: Extracting libpam-modules...
I: Extracting libpam-modules-bin...
I: Extracting libpam-runtime...
I: Extracting libpam0g...
I: Extracting libpcre3...
I: Extracting libplymouth2...
I: Extracting libpng12-0...
I: Extracting libprocps3...
I: Extracting libselinux1...
I: Extracting libsemanage-common...
I: Extracting libsemanage1...
I: Extracting libsepol1...
I: Extracting libslang2...
I: Extracting libss2...
I: Extracting libtinfo5...
I: Extracting libudev1...
I: Extracting libustr-1.0-1...
I: Extracting libuuid1...
I: Extracting locales...
I: Extracting login...
I: Extracting lsb-base...
I: Extracting makedev...
I: Extracting mawk...
I: Extracting module-init-tools...
I: Extracting mount...
I: Extracting mountall...
I: Extracting multiarch-support...
I: Extracting ncurses-base...
I: Extracting ncurses-bin...
I: Extracting passwd...
I: Extracting perl-base...
I: Extracting plymouth...
I: Extracting procps...
I: Extracting sed...
I: Extracting sensible-utils...
I: Extracting sysv-rc...
I: Extracting sysvinit-utils...
I: Extracting tar...
I: Extracting tzdata...
I: Extracting udev...
I: Extracting upstart...
I: Extracting util-linux...
I: Extracting zlib1g...
I: Installing core packages...
I: Unpacking required packages...
I: Unpacking adduser...
I: Unpacking base-files...
I: Unpacking base-passwd...
I: Unpacking bash...
I: Unpacking bsdutils...
I: Unpacking busybox-initramfs...
I: Unpacking coreutils...
I: Unpacking cpio...
I: Unpacking dash...
I: Unpacking debconf...
I: Unpacking debianutils...
I: Unpacking diffutils...
I: Unpacking dpkg...
I: Unpacking e2fslibs:amd64...
I: Unpacking e2fsprogs...
I: Unpacking findutils...
I: Unpacking gcc-4.9-base:amd64...
I: Unpacking grep...
I: Unpacking gzip...
I: Unpacking hostname...
I: Unpacking ifupdown...
I: Unpacking initramfs-tools...
I: Unpacking initramfs-tools-bin...
I: Unpacking initscripts...
I: Unpacking insserv...
I: Unpacking iproute2...
I: Unpacking klibc-utils...
I: Unpacking kmod...
I: Unpacking libacl1:amd64...
I: Unpacking libattr1:amd64...
I: Unpacking libaudit-common...
I: Unpacking libaudit1:amd64...
I: Unpacking libblkid1:amd64...
I: Unpacking libbz2-1.0:amd64...
I: Unpacking libc-bin...
I: Unpacking libc6:amd64...
I: Unpacking libcap2:amd64...
I: Unpacking libcgmanager0:amd64...
I: Unpacking libcomerr2:amd64...
I: Unpacking libdb5.3:amd64...
I: Unpacking libdbus-1-3:amd64...
I: Unpacking libdebconfclient0:amd64...
I: Unpacking libdrm2:amd64...
I: Unpacking libgcc1:amd64...
I: Unpacking libjson-c2:amd64...
I: Unpacking libjson0:amd64...
I: Unpacking libklibc...
I: Unpacking libkmod2:amd64...
I: Unpacking liblzma5:amd64...
I: Unpacking libmount1:amd64...
I: Unpacking libncurses5:amd64...
I: Unpacking libncursesw5:amd64...
I: Unpacking libnih-dbus1:amd64...
I: Unpacking libnih1:amd64...
I: Unpacking libpam-modules:amd64...
I: Unpacking libpam-modules-bin...
I: Unpacking libpam-runtime...
I: Unpacking libpam0g:amd64...
I: Unpacking libpcre3:amd64...
I: Unpacking libplymouth2:amd64...
I: Unpacking libpng12-0:amd64...
I: Unpacking libprocps3:amd64...
I: Unpacking libselinux1:amd64...
I: Unpacking libsemanage-common...
I: Unpacking libsemanage1:amd64...
I: Unpacking libsepol1:amd64...
I: Unpacking libslang2:amd64...
I: Unpacking libss2:amd64...
I: Unpacking libtinfo5:amd64...
I: Unpacking libudev1:amd64...
I: Unpacking libustr-1.0-1:amd64...
I: Unpacking libuuid1:amd64...
I: Unpacking locales...
I: Unpacking login...
I: Unpacking lsb-base...
I: Unpacking makedev...
I: Unpacking mawk...
I: Unpacking module-init-tools...
I: Unpacking mount...
I: Unpacking mountall...
I: Unpacking multiarch-support...
I: Unpacking ncurses-base...
I: Unpacking ncurses-bin...
I: Unpacking passwd...
I: Unpacking perl-base...
I: Unpacking plymouth...
I: Unpacking procps...
I: Unpacking sed...
I: Unpacking sensible-utils...
I: Unpacking sysv-rc...
I: Unpacking sysvinit-utils...
I: Unpacking tar...
I: Unpacking tzdata...
I: Unpacking udev...
I: Unpacking upstart...
I: Unpacking util-linux...
I: Unpacking zlib1g:amd64...
I: Configuring required packages...
I: Configuring lsb-base...
I: Configuring ncurses-base...
I: Configuring sensible-utils...
I: Configuring libklibc...
I: Configuring gcc-4.9-base:amd64...
I: Configuring klibc-utils...
I: Configuring libsemanage-common...
I: Configuring libaudit-common...
I: Configuring libc6:amd64...
I: Configuring cpio...
I: Configuring debianutils...
I: Configuring bsdutils...
I: Configuring diffutils...
I: Configuring locales...
I: Configuring mawk...
I: Configuring hostname...
I: Configuring findutils...
I: Configuring insserv...
I: Configuring busybox-initramfs...
I: Configuring multiarch-support...
I: Configuring libcap2:amd64...
I: Configuring libustr-1.0-1:amd64...
I: Configuring libdbus-1-3:amd64...
I: Configuring libprocps3:amd64...
I: Configuring libjson-c2:amd64...
I: Configuring libdrm2:amd64...
I: Configuring libsepol1:amd64...
I: Configuring libkmod2:amd64...
I: Configuring zlib1g:amd64...
I: Configuring libgcc1:amd64...
I: Configuring libdebconfclient0:amd64...
I: Configuring base-files...
I: Configuring libattr1:amd64...
I: Configuring e2fslibs:amd64...
I: Configuring base-passwd...
I: Configuring libcomerr2:amd64...
I: Configuring libacl1:amd64...
I: Configuring libslang2:amd64...
I: Configuring libss2:amd64...
I: Configuring liblzma5:amd64...
I: Configuring libnih1:amd64...
I: Configuring libaudit1:amd64...
I: Configuring libdb5.3:amd64...
I: Configuring libpcre3:amd64...
I: Configuring libbz2-1.0:amd64...
I: Configuring libtinfo5:amd64...
I: Configuring libc-bin...
I: Configuring libjson0:amd64...
I: Configuring libnih-dbus1:amd64...
I: Configuring libselinux1:amd64...
I: Configuring libpng12-0:amd64...
I: Configuring iproute2...
I: Configuring coreutils...
I: Configuring makedev...
I: Configuring ncurses-bin...
I: Configuring libsemanage1:amd64...
I: Configuring tar...
I: Configuring libcgmanager0:amd64...
I: Configuring libncurses5:amd64...
I: Configuring libplymouth2:amd64...
I: Configuring dpkg...
I: Configuring libncursesw5:amd64...
I: Configuring sysvinit-utils...
I: Configuring dash...
I: Configuring perl-base...
I: Configuring libudev1:amd64...
I: Configuring mountall...
I: Configuring initramfs-tools-bin...
I: Configuring sed...
I: Configuring grep...
I: Configuring gzip...
I: Configuring bash...
I: Configuring debconf...
I: Configuring libpam0g:amd64...
I: Configuring sysv-rc...
I: Configuring tzdata...
I: Configuring kmod...
I: Configuring libpam-modules-bin...
I: Configuring module-init-tools...
I: Configuring libpam-modules:amd64...
I: Configuring passwd...
I: Configuring libpam-runtime...
I: Configuring login...
I: Configuring libuuid1:amd64...
I: Configuring adduser...
I: Configuring libblkid1:amd64...
I: Configuring util-linux...
I: Configuring libmount1:amd64...
I: Configuring mount...
I: Configuring initscripts...
I: Configuring e2fsprogs...
I: Configuring procps...
I: Configuring ifupdown...
I: Configuring upstart...
I: Configuring udev...
I: Configuring initramfs-tools...
I: Configuring plymouth...
I: Configuring libc-bin...
I: Configuring initramfs-tools...
I: Unpacking the base system...
I: Unpacking apt...
I: Unpacking gcc-4.8-base:amd64...
I: Unpacking gnupg...
I: Unpacking gpgv...
I: Unpacking libapt-pkg4.12:amd64...
I: Unpacking libreadline6:amd64...
I: Unpacking libstdc++6:amd64...
I: Unpacking libusb-0.1-4:amd64...
I: Unpacking netbase...
I: Unpacking readline-common...
I: Unpacking ubuntu-keyring...
I: Unpacking inetutils-ping...
I: Configuring the base system...
I: Configuring gpgv...
I: Configuring libusb-0.1-4:amd64...
I: Configuring netbase...
I: Configuring gcc-4.8-base:amd64...
I: Configuring inetutils-ping...
I: Configuring ubuntu-keyring...
I: Configuring libstdc++6:amd64...
I: Configuring readline-common...
I: Configuring libapt-pkg4.12:amd64...
I: Configuring libreadline6:amd64...
I: Configuring gnupg...
I: Configuring apt...
I: Configuring libc-bin...
I: Base system installed successfully.
+ echo exit 101 > '/home/tianon/downloads/docker-brew-ubuntu-debootstrap/14.04/rootfs/usr/sbin/policy-rc.d'
+ rootfs_chroot dpkg-divert --local --rename --add /sbin/initctl
+ PATH=/usr/local/sbin:/usr/local/bin:/usr/sbin:/usr/bin:/sbin:/bin
+ /bin/chroot /home/tianon/downloads/docker-brew-ubuntu-debootstrap/14.04/rootfs dpkg-divert --local --rename --add /sbin/initctl
Adding 'local diversion of /sbin/initctl to /sbin/initctl.distrib'
+ cp -a /home/tianon/downloads/docker-brew-ubuntu-debootstrap/14.04/rootfs/usr/sbin/policy-rc.d /home/tianon/downloads/docker-brew-ubuntu-debootstrap/14.04/rootfs/sbin/initctl
+ sed -i 's/^exit.*/exit 0/' /home/tianon/downloads/docker-brew-ubuntu-debootstrap/14.04/rootfs/sbin/initctl
+ rootfs_chroot apt-get clean
+ PATH=/usr/local/sbin:/usr/local/bin:/usr/sbin:/usr/bin:/sbin:/bin
+ /bin/chroot /home/tianon/downloads/docker-brew-ubuntu-debootstrap/14.04/rootfs apt-get clean
+ echo force-unsafe-io > '/home/tianon/downloads/docker-brew-ubuntu-debootstrap/14.04/rootfs/etc/dpkg/dpkg.cfg.d/docker-apt-speedup'
+ cat > '/home/tianon/downloads/docker-brew-ubuntu-debootstrap/14.04/rootfs/etc/apt/apt.conf.d/docker-clean'
+ echo Acquire::Languages 'none' > '/home/tianon/downloads/docker-brew-ubuntu-debootstrap/14.04/rootfs/etc/apt/apt.conf.d/docker-no-languages'
+ echo Acquire::GzipIndexes 'true' > '/home/tianon/downloads/docker-brew-ubuntu-debootstrap/14.04/rootfs/etc/apt/apt.conf.d/docker-gzip-indexes'
+ echo Apt::AutoRemove::SuggestsImportant 'false' > '/home/tianon/downloads/docker-brew-ubuntu-debootstrap/14.04/rootfs/etc/apt/apt.conf.d/docker-autoremove-suggests'
+ sed -i '
					p;
					s/ trusty / trusty-updates /; p;
					s/ trusty-updates / trusty-security /
				' /home/tianon/downloads/docker-brew-ubuntu-debootstrap/14.04/rootfs/etc/apt/sources.list
+ rootfs_chroot sh -xc 'apt-get update && apt-get dist-upgrade -y'
+ PATH=/usr/local/sbin:/usr/local/bin:/usr/sbin:/usr/bin:/sbin:/bin
+ /bin/chroot /home/tianon/downloads/docker-brew-ubuntu-debootstrap/14.04/rootfs sh -xc 'apt-get update && apt-get dist-upgrade -y'
+ apt-get update
Ign http://archive.ubuntu.com trusty InRelease
Ign http://archive.ubuntu.com trusty-updates InRelease
Ign http://archive.ubuntu.com trusty-security InRelease
Hit http://archive.ubuntu.com trusty Release.gpg
Get:1 http://archive.ubuntu.com trusty-updates Release.gpg [933 B]
Get:2 http://archive.ubuntu.com trusty-security Release.gpg [933 B]
Hit http://archive.ubuntu.com trusty Release
Get:3 http://archive.ubuntu.com trusty-updates Release [63.5 kB]
Get:4 http://archive.ubuntu.com trusty-security Release [63.5 kB]
Get:5 http://archive.ubuntu.com trusty/main amd64 Packages [1743 kB]
Get:6 http://archive.ubuntu.com trusty/universe amd64 Packages [7589 kB]
Get:7 http://archive.ubuntu.com trusty-updates/main amd64 Packages [763 kB]
Get:8 http://archive.ubuntu.com trusty-updates/universe amd64 Packages [402 kB]
Get:9 http://archive.ubuntu.com trusty-security/main amd64 Packages [419 kB]
Get:10 http://archive.ubuntu.com trusty-security/universe amd64 Packages [147 kB]
Fetched 11.2 MB in 4s (2733 kB/s)
Reading package lists...
+ apt-get dist-upgrade -y
Reading package lists...
Building dependency tree...
The following packages will be upgraded:
  apt base-files bash bsdutils coreutils cpio dpkg e2fslibs e2fsprogs
  gcc-4.8-base gcc-4.9-base gnupg gpgv ifupdown initramfs-tools
  initramfs-tools-bin initscripts iproute2 libapt-pkg4.12 libblkid1 libc-bin
  libc6 libcgmanager0 libcomerr2 libdbus-1-3 libdrm2 libgcc1 libjson-c2
  libjson0 libmount1 libpcre3 libplymouth2 libprocps3 libselinux1 libsepol1
  libss2 libstdc++6 libudev1 libuuid1 locales login mount multiarch-support
  passwd plymouth procps sysv-rc sysvinit-utils tzdata udev upstart util-linux
52 upgraded, 0 newly installed, 0 to remove and 0 not upgraded.
Need to get 20.7 MB of archives.
After this operation, 182 kB of additional disk space will be used.
Get:1 http://archive.ubuntu.com/ubuntu/ trusty-updates/main base-files amd64 7.2ubuntu5.3 [60.9 kB]
Get:2 http://archive.ubuntu.com/ubuntu/ trusty-updates/main bash amd64 4.3-7ubuntu1.5 [576 kB]
Get:3 http://archive.ubuntu.com/ubuntu/ trusty-updates/main coreutils amd64 8.21-1ubuntu5.1 [1089 kB]
Get:4 http://archive.ubuntu.com/ubuntu/ trusty-updates/main dpkg amd64 1.17.5ubuntu5.4 [1954 kB]
Get:5 http://archive.ubuntu.com/ubuntu/ trusty-updates/main libpcre3 amd64 1:8.31-2ubuntu2.1 [144 kB]
Get:6 http://archive.ubuntu.com/ubuntu/ trusty-updates/main libselinux1 amd64 2.2.2-1ubuntu0.1 [58.7 kB]
Get:7 http://archive.ubuntu.com/ubuntu/ trusty-updates/main sysv-rc all 2.88dsf-41ubuntu6.2 [36.4 kB]
Get:8 http://archive.ubuntu.com/ubuntu/ trusty-updates/main sysvinit-utils amd64 2.88dsf-41ubuntu6.2 [53.1 kB]
Get:9 http://archive.ubuntu.com/ubuntu/ trusty-updates/main mount amd64 2.20.1-5.1ubuntu20.6 [114 kB]
Get:10 http://archive.ubuntu.com/ubuntu/ trusty-updates/main passwd amd64 1:4.1.5.1-1ubuntu9.1 [755 kB]
Get:11 http://archive.ubuntu.com/ubuntu/ trusty-updates/main initscripts amd64 2.88dsf-41ubuntu6.2 [27.7 kB]
Get:12 http://archive.ubuntu.com/ubuntu/ trusty-updates/main libdbus-1-3 amd64 1.6.18-0ubuntu4.3 [132 kB]
Get:13 http://archive.ubuntu.com/ubuntu/ trusty-updates/main libjson-c2 amd64 0.11-3ubuntu1.2 [22.0 kB]
Get:14 http://archive.ubuntu.com/ubuntu/ trusty-updates/main libuuid1 amd64 2.20.1-5.1ubuntu20.6 [10.9 kB]
Get:15 http://archive.ubuntu.com/ubuntu/ trusty-updates/main libblkid1 amd64 2.20.1-5.1ubuntu20.6 [62.5 kB]
Get:16 http://archive.ubuntu.com/ubuntu/ trusty-updates/main libcgmanager0 amd64 0.24-0ubuntu7.3 [29.2 kB]
Get:17 http://archive.ubuntu.com/ubuntu/ trusty-updates/main tzdata all 2015f-0ubuntu0.14.04 [171 kB]
Get:18 http://archive.ubuntu.com/ubuntu/ trusty-updates/main util-linux amd64 2.20.1-5.1ubuntu20.6 [458 kB]
Get:19 http://archive.ubuntu.com/ubuntu/ trusty-updates/main libprocps3 amd64 1:3.3.9-1ubuntu2.2 [31.4 kB]
Get:20 http://archive.ubuntu.com/ubuntu/ trusty-updates/main procps amd64 1:3.3.9-1ubuntu2.2 [209 kB]
Get:21 http://archive.ubuntu.com/ubuntu/ trusty-updates/main udev amd64 204-5ubuntu20.13 [735 kB]
Get:22 http://archive.ubuntu.com/ubuntu/ trusty-updates/main libudev1 amd64 204-5ubuntu20.13 [33.2 kB]
Get:23 http://archive.ubuntu.com/ubuntu/ trusty-updates/main iproute2 amd64 3.12.0-2ubuntu1 [401 kB]
Get:24 http://archive.ubuntu.com/ubuntu/ trusty-updates/main ifupdown amd64 0.7.47.2ubuntu4.1 [52.1 kB]
Get:25 http://archive.ubuntu.com/ubuntu/ trusty-updates/main libjson0 amd64 0.11-3ubuntu1.2 [1080 B]
Get:26 http://archive.ubuntu.com/ubuntu/ trusty-updates/main upstart amd64 1.12.1-0ubuntu4.2 [390 kB]
Get:27 http://archive.ubuntu.com/ubuntu/ trusty-updates/main libc-bin amd64 2.19-0ubuntu6.6 [1168 kB]
Get:28 http://archive.ubuntu.com/ubuntu/ trusty-updates/main gcc-4.9-base amd64 4.9.1-0ubuntu1 [14.8 kB]
Get:29 http://archive.ubuntu.com/ubuntu/ trusty-updates/main libgcc1 amd64 1:4.9.1-0ubuntu1 [39.2 kB]
Get:30 http://archive.ubuntu.com/ubuntu/ trusty-updates/main libc6 amd64 2.19-0ubuntu6.6 [4735 kB]
Get:31 http://archive.ubuntu.com/ubuntu/ trusty-updates/main e2fslibs amd64 1.42.9-3ubuntu1.2 [183 kB]
Get:32 http://archive.ubuntu.com/ubuntu/ trusty-updates/main e2fsprogs amd64 1.42.9-3ubuntu1.2 [668 kB]
Get:33 http://archive.ubuntu.com/ubuntu/ trusty-updates/main login amd64 1:4.1.5.1-1ubuntu9.1 [301 kB]
Get:34 http://archive.ubuntu.com/ubuntu/ trusty-updates/main gcc-4.8-base amd64 4.8.4-2ubuntu1~14.04 [15.9 kB]
Get:35 http://archive.ubuntu.com/ubuntu/ trusty-updates/main libstdc++6 amd64 4.8.4-2ubuntu1~14.04 [259 kB]
Get:36 http://archive.ubuntu.com/ubuntu/ trusty-updates/main libapt-pkg4.12 amd64 1.0.1ubuntu2.10 [637 kB]
Get:37 http://archive.ubuntu.com/ubuntu/ trusty-updates/main gpgv amd64 1.4.16-1ubuntu2.3 [161 kB]
Get:38 http://archive.ubuntu.com/ubuntu/ trusty-updates/main gnupg amd64 1.4.16-1ubuntu2.3 [611 kB]
Get:39 http://archive.ubuntu.com/ubuntu/ trusty-updates/main apt amd64 1.0.1ubuntu2.10 [952 kB]
Get:40 http://archive.ubuntu.com/ubuntu/ trusty-updates/main bsdutils amd64 1:2.20.1-5.1ubuntu20.6 [33.8 kB]
Get:41 http://archive.ubuntu.com/ubuntu/ trusty-updates/main libcomerr2 amd64 1.42.9-3ubuntu1.2 [62.8 kB]
Get:42 http://archive.ubuntu.com/ubuntu/ trusty-updates/main libmount1 amd64 2.20.1-5.1ubuntu20.6 [60.2 kB]
Get:43 http://archive.ubuntu.com/ubuntu/ trusty-updates/main libsepol1 amd64 2.2-1ubuntu0.1 [107 kB]
Get:44 http://archive.ubuntu.com/ubuntu/ trusty-updates/main libss2 amd64 1.42.9-3ubuntu1.2 [67.1 kB]
Get:45 http://archive.ubuntu.com/ubuntu/ trusty-updates/main libdrm2 amd64 2.4.60-2~ubuntu14.04.1 [23.5 kB]
Get:46 http://archive.ubuntu.com/ubuntu/ trusty-updates/main initramfs-tools all 0.103ubuntu4.2 [44.3 kB]
Get:47 http://archive.ubuntu.com/ubuntu/ trusty-updates/main initramfs-tools-bin amd64 0.103ubuntu4.2 [8922 B]
Get:48 http://archive.ubuntu.com/ubuntu/ trusty-updates/main cpio amd64 2.11+dfsg-1ubuntu1.1 [73.3 kB]
Get:49 http://archive.ubuntu.com/ubuntu/ trusty-updates/main plymouth amd64 0.8.8-0ubuntu17.1 [98.6 kB]
Get:50 http://archive.ubuntu.com/ubuntu/ trusty-updates/main libplymouth2 amd64 0.8.8-0ubuntu17.1 [76.8 kB]
Get:51 http://archive.ubuntu.com/ubuntu/ trusty-updates/main multiarch-support amd64 2.19-0ubuntu6.6 [4486 B]
Get:52 http://archive.ubuntu.com/ubuntu/ trusty-updates/main locales all 2.13+git20120306-12.1 [2695 kB]
perl: warning: Setting locale failed.
perl: warning: Please check that your locale settings:
	LANGUAGE = (unset),
	LC_ALL = (unset),
	LANG = "en_US.utf8"
    are supported and installed on your system.
perl: warning: Falling back to the standard locale ("C").
debconf: delaying package configuration, since apt-utils is not installed
Fetched 20.7 MB in 10s (1939 kB/s)
(Reading database ... 7419 files and directories currently installed.)
Preparing to unpack .../base-files_7.2ubuntu5.3_amd64.deb ...
Unpacking base-files (7.2ubuntu5.3) over (7.2ubuntu5) ...
Setting up base-files (7.2ubuntu5.3) ...
Installing new version of config file /etc/issue ...
Installing new version of config file /etc/issue.net ...
Installing new version of config file /etc/lsb-release ...
Installing new version of config file /etc/os-release ...
(Reading database ... 7419 files and directories currently installed.)
Preparing to unpack .../bash_4.3-7ubuntu1.5_amd64.deb ...
Unpacking bash (4.3-7ubuntu1.5) over (4.3-6ubuntu1) ...
Setting up bash (4.3-7ubuntu1.5) ...
update-alternatives: using /usr/share/man/man7/bash-builtins.7.gz to provide /usr/share/man/man7/builtins.7.gz (builtins.7.gz) in auto mode
(Reading database ... 7419 files and directories currently installed.)
Preparing to unpack .../coreutils_8.21-1ubuntu5.1_amd64.deb ...
Unpacking coreutils (8.21-1ubuntu5.1) over (8.21-1ubuntu5) ...
Setting up coreutils (8.21-1ubuntu5.1) ...
(Reading database ... 7419 files and directories currently installed.)
Preparing to unpack .../dpkg_1.17.5ubuntu5.4_amd64.deb ...
Unpacking dpkg (1.17.5ubuntu5.4) over (1.17.5ubuntu5) ...
Setting up dpkg (1.17.5ubuntu5.4) ...
(Reading database ... 7419 files and directories currently installed.)
Preparing to unpack .../libpcre3_1%3a8.31-2ubuntu2.1_amd64.deb ...
Unpacking libpcre3:amd64 (1:8.31-2ubuntu2.1) over (1:8.31-2ubuntu2) ...
Preparing to unpack .../libc6_2.19-0ubuntu6.6_amd64.deb ...
debconf: unable to initialize frontend: Dialog
debconf: (No usable dialog-like program is installed, so the dialog based frontend cannot be used. at /usr/share/perl5/Debconf/FrontEnd/Dialog.pm line 76.)
debconf: falling back to frontend: Readline
debconf: unable to initialize frontend: Readline
debconf: (Can't locate Term/ReadLine.pm in @INC (you may need to install the Term::ReadLine module) (@INC contains: /etc/perl /usr/local/lib/perl/5.18.2 /usr/local/share/perl/5.18.2 /usr/lib/perl5 /usr/share/perl5 /usr/lib/perl/5.18 /usr/share/perl/5.18 /usr/local/lib/site_perl .) at /usr/share/perl5/Debconf/FrontEnd/Readline.pm line 7.)
debconf: falling back to frontend: Teletype
Unpacking libc6:amd64 (2.19-0ubuntu6.6) over (2.19-0ubuntu6) ...
Preparing to unpack .../libgcc1_1%3a4.9.1-0ubuntu1_amd64.deb ...
Unpacking libgcc1:amd64 (1:4.9.1-0ubuntu1) over (1:4.9-20140406-0ubuntu1) ...
Preparing to unpack .../gcc-4.9-base_4.9.1-0ubuntu1_amd64.deb ...
Unpacking gcc-4.9-base:amd64 (4.9.1-0ubuntu1) over (4.9-20140406-0ubuntu1) ...
Setting up gcc-4.9-base:amd64 (4.9.1-0ubuntu1) ...
Setting up libgcc1:amd64 (1:4.9.1-0ubuntu1) ...
Setting up libc6:amd64 (2.19-0ubuntu6.6) ...
debconf: unable to initialize frontend: Dialog
debconf: (No usable dialog-like program is installed, so the dialog based frontend cannot be used. at /usr/share/perl5/Debconf/FrontEnd/Dialog.pm line 76.)
debconf: falling back to frontend: Readline
debconf: unable to initialize frontend: Readline
debconf: (Can't locate Term/ReadLine.pm in @INC (you may need to install the Term::ReadLine module) (@INC contains: /etc/perl /usr/local/lib/perl/5.18.2 /usr/local/share/perl/5.18.2 /usr/lib/perl5 /usr/share/perl5 /usr/lib/perl/5.18 /usr/share/perl/5.18 /usr/local/lib/site_perl .) at /usr/share/perl5/Debconf/FrontEnd/Readline.pm line 7.)
debconf: falling back to frontend: Teletype
Setting up libpcre3:amd64 (1:8.31-2ubuntu2.1) ...
Processing triggers for libc-bin (2.19-0ubuntu6) ...
(Reading database ... 7419 files and directories currently installed.)
Preparing to unpack .../libselinux1_2.2.2-1ubuntu0.1_amd64.deb ...
Unpacking libselinux1:amd64 (2.2.2-1ubuntu0.1) over (2.2.2-1) ...
Setting up libselinux1:amd64 (2.2.2-1ubuntu0.1) ...
Processing triggers for libc-bin (2.19-0ubuntu6) ...
(Reading database ... 7419 files and directories currently installed.)
Preparing to unpack .../sysv-rc_2.88dsf-41ubuntu6.2_all.deb ...
Unpacking sysv-rc (2.88dsf-41ubuntu6.2) over (2.88dsf-41ubuntu6) ...
Preparing to unpack .../sysvinit-utils_2.88dsf-41ubuntu6.2_amd64.deb ...
Unpacking sysvinit-utils (2.88dsf-41ubuntu6.2) over (2.88dsf-41ubuntu6) ...
Setting up sysvinit-utils (2.88dsf-41ubuntu6.2) ...
Setting up sysv-rc (2.88dsf-41ubuntu6.2) ...
(Reading database ... 7419 files and directories currently installed.)
Preparing to unpack .../mount_2.20.1-5.1ubuntu20.6_amd64.deb ...
Unpacking mount (2.20.1-5.1ubuntu20.6) over (2.20.1-5.1ubuntu20) ...
Setting up mount (2.20.1-5.1ubuntu20.6) ...
(Reading database ... 7419 files and directories currently installed.)
Preparing to unpack .../passwd_1%3a4.1.5.1-1ubuntu9.1_amd64.deb ...
Unpacking passwd (1:4.1.5.1-1ubuntu9.1) over (1:4.1.5.1-1ubuntu9) ...
Setting up passwd (1:4.1.5.1-1ubuntu9.1) ...
(Reading database ... 7419 files and directories currently installed.)
Preparing to unpack .../initscripts_2.88dsf-41ubuntu6.2_amd64.deb ...
Unpacking initscripts (2.88dsf-41ubuntu6.2) over (2.88dsf-41ubuntu6) ...
Preparing to unpack .../libdbus-1-3_1.6.18-0ubuntu4.3_amd64.deb ...
Unpacking libdbus-1-3:amd64 (1.6.18-0ubuntu4.3) over (1.6.18-0ubuntu4) ...
Preparing to unpack .../libjson-c2_0.11-3ubuntu1.2_amd64.deb ...
Unpacking libjson-c2:amd64 (0.11-3ubuntu1.2) over (0.11-3ubuntu1) ...
Preparing to unpack .../libuuid1_2.20.1-5.1ubuntu20.6_amd64.deb ...
Unpacking libuuid1:amd64 (2.20.1-5.1ubuntu20.6) over (2.20.1-5.1ubuntu20) ...
Setting up libuuid1:amd64 (2.20.1-5.1ubuntu20.6) ...
Processing triggers for libc-bin (2.19-0ubuntu6) ...
(Reading database ... 7419 files and directories currently installed.)
Preparing to unpack .../libblkid1_2.20.1-5.1ubuntu20.6_amd64.deb ...
Unpacking libblkid1:amd64 (2.20.1-5.1ubuntu20.6) over (2.20.1-5.1ubuntu20) ...
Setting up libblkid1:amd64 (2.20.1-5.1ubuntu20.6) ...
Processing triggers for libc-bin (2.19-0ubuntu6) ...
(Reading database ... 7419 files and directories currently installed.)
Preparing to unpack .../libcgmanager0_0.24-0ubuntu7.3_amd64.deb ...
Unpacking libcgmanager0:amd64 (0.24-0ubuntu7.3) over (0.24-0ubuntu5) ...
Preparing to unpack .../tzdata_2015f-0ubuntu0.14.04_all.deb ...
Unpacking tzdata (2015f-0ubuntu0.14.04) over (2014b-1) ...
Setting up tzdata (2015f-0ubuntu0.14.04) ...
debconf: unable to initialize frontend: Dialog
debconf: (No usable dialog-like program is installed, so the dialog based frontend cannot be used. at /usr/share/perl5/Debconf/FrontEnd/Dialog.pm line 76.)
debconf: falling back to frontend: Readline
debconf: unable to initialize frontend: Readline
debconf: (Can't locate Term/ReadLine.pm in @INC (you may need to install the Term::ReadLine module) (@INC contains: /etc/perl /usr/local/lib/perl/5.18.2 /usr/local/share/perl/5.18.2 /usr/lib/perl5 /usr/share/perl5 /usr/lib/perl/5.18 /usr/share/perl/5.18 /usr/local/lib/site_perl .) at /usr/share/perl5/Debconf/FrontEnd/Readline.pm line 7.)
debconf: falling back to frontend: Teletype

Current default time zone: 'Etc/UTC'
Local time is now:      Thu Aug 20 21:40:17 UTC 2015.
Universal Time is now:  Thu Aug 20 21:40:17 UTC 2015.
Run 'dpkg-reconfigure tzdata' if you wish to change it.

(Reading database ... 7428 files and directories currently installed.)
Preparing to unpack .../util-linux_2.20.1-5.1ubuntu20.6_amd64.deb ...
Unpacking util-linux (2.20.1-5.1ubuntu20.6) over (2.20.1-5.1ubuntu20) ...
Setting up util-linux (2.20.1-5.1ubuntu20.6) ...
(Reading database ... 7428 files and directories currently installed.)
Preparing to unpack .../libprocps3_1%3a3.3.9-1ubuntu2.2_amd64.deb ...
Unpacking libprocps3:amd64 (1:3.3.9-1ubuntu2.2) over (1:3.3.9-1ubuntu2) ...
Preparing to unpack .../procps_1%3a3.3.9-1ubuntu2.2_amd64.deb ...
invoke-rc.d: policy-rc.d denied execution of stop.
Unpacking procps (1:3.3.9-1ubuntu2.2) over (1:3.3.9-1ubuntu2) ...
Preparing to unpack .../udev_204-5ubuntu20.13_amd64.deb ...
Adding 'diversion of /bin/udevadm to /bin/udevadm.upgrade by fake-udev'
Unpacking udev (204-5ubuntu20.13) over (204-5ubuntu20) ...
Preparing to unpack .../libudev1_204-5ubuntu20.13_amd64.deb ...
Unpacking libudev1:amd64 (204-5ubuntu20.13) over (204-5ubuntu20) ...
Preparing to unpack .../iproute2_3.12.0-2ubuntu1_amd64.deb ...
Unpacking iproute2 (3.12.0-2ubuntu1) over (3.12.0-2) ...
Preparing to unpack .../ifupdown_0.7.47.2ubuntu4.1_amd64.deb ...
Unpacking ifupdown (0.7.47.2ubuntu4.1) over (0.7.47.2ubuntu4) ...
Preparing to unpack .../libjson0_0.11-3ubuntu1.2_amd64.deb ...
Unpacking libjson0:amd64 (0.11-3ubuntu1.2) over (0.11-3ubuntu1) ...
Preparing to unpack .../upstart_1.12.1-0ubuntu4.2_amd64.deb ...
Unpacking upstart (1.12.1-0ubuntu4.2) over (1.12.1-0ubuntu4) ...
Preparing to unpack .../libc-bin_2.19-0ubuntu6.6_amd64.deb ...
Unpacking libc-bin (2.19-0ubuntu6.6) over (2.19-0ubuntu6) ...
Setting up libc-bin (2.19-0ubuntu6.6) ...
(Reading database ... 7430 files and directories currently installed.)
Preparing to unpack .../e2fslibs_1.42.9-3ubuntu1.2_amd64.deb ...
Unpacking e2fslibs:amd64 (1.42.9-3ubuntu1.2) over (1.42.9-3ubuntu1) ...
Setting up e2fslibs:amd64 (1.42.9-3ubuntu1.2) ...
Processing triggers for libc-bin (2.19-0ubuntu6.6) ...
(Reading database ... 7430 files and directories currently installed.)
Preparing to unpack .../e2fsprogs_1.42.9-3ubuntu1.2_amd64.deb ...
Unpacking e2fsprogs (1.42.9-3ubuntu1.2) over (1.42.9-3ubuntu1) ...
Setting up e2fsprogs (1.42.9-3ubuntu1.2) ...
(Reading database ... 7430 files and directories currently installed.)
Preparing to unpack .../login_1%3a4.1.5.1-1ubuntu9.1_amd64.deb ...
Unpacking login (1:4.1.5.1-1ubuntu9.1) over (1:4.1.5.1-1ubuntu9) ...
Setting up login (1:4.1.5.1-1ubuntu9.1) ...
(Reading database ... 7430 files and directories currently installed.)
Preparing to unpack .../gcc-4.8-base_4.8.4-2ubuntu1~14.04_amd64.deb ...
Unpacking gcc-4.8-base:amd64 (4.8.4-2ubuntu1~14.04) over (4.8.2-19ubuntu1) ...
Setting up gcc-4.8-base:amd64 (4.8.4-2ubuntu1~14.04) ...
(Reading database ... 7430 files and directories currently installed.)
Preparing to unpack .../libstdc++6_4.8.4-2ubuntu1~14.04_amd64.deb ...
Unpacking libstdc++6:amd64 (4.8.4-2ubuntu1~14.04) over (4.8.2-19ubuntu1) ...
Setting up libstdc++6:amd64 (4.8.4-2ubuntu1~14.04) ...
Processing triggers for libc-bin (2.19-0ubuntu6.6) ...
(Reading database ... 7443 files and directories currently installed.)
Preparing to unpack .../libapt-pkg4.12_1.0.1ubuntu2.10_amd64.deb ...
Unpacking libapt-pkg4.12:amd64 (1.0.1ubuntu2.10) over (1.0.1ubuntu2) ...
Setting up libapt-pkg4.12:amd64 (1.0.1ubuntu2.10) ...
Processing triggers for libc-bin (2.19-0ubuntu6.6) ...
(Reading database ... 7443 files and directories currently installed.)
Preparing to unpack .../gpgv_1.4.16-1ubuntu2.3_amd64.deb ...
Unpacking gpgv (1.4.16-1ubuntu2.3) over (1.4.16-1ubuntu2) ...
Setting up gpgv (1.4.16-1ubuntu2.3) ...
(Reading database ... 7443 files and directories currently installed.)
Preparing to unpack .../gnupg_1.4.16-1ubuntu2.3_amd64.deb ...
Unpacking gnupg (1.4.16-1ubuntu2.3) over (1.4.16-1ubuntu2) ...
Setting up gnupg (1.4.16-1ubuntu2.3) ...
(Reading database ... 7443 files and directories currently installed.)
Preparing to unpack .../apt_1.0.1ubuntu2.10_amd64.deb ...
Unpacking apt (1.0.1ubuntu2.10) over (1.0.1ubuntu2) ...
Setting up apt (1.0.1ubuntu2.10) ...
Processing triggers for libc-bin (2.19-0ubuntu6.6) ...
(Reading database ... 7443 files and directories currently installed.)
Preparing to unpack .../bsdutils_1%3a2.20.1-5.1ubuntu20.6_amd64.deb ...
Unpacking bsdutils (1:2.20.1-5.1ubuntu20.6) over (1:2.20.1-5.1ubuntu20) ...
Setting up bsdutils (1:2.20.1-5.1ubuntu20.6) ...
(Reading database ... 7443 files and directories currently installed.)
Preparing to unpack .../libcomerr2_1.42.9-3ubuntu1.2_amd64.deb ...
Unpacking libcomerr2:amd64 (1.42.9-3ubuntu1.2) over (1.42.9-3ubuntu1) ...
Setting up libcomerr2:amd64 (1.42.9-3ubuntu1.2) ...
Processing triggers for libc-bin (2.19-0ubuntu6.6) ...
(Reading database ... 7443 files and directories currently installed.)
Preparing to unpack .../libmount1_2.20.1-5.1ubuntu20.6_amd64.deb ...
Unpacking libmount1:amd64 (2.20.1-5.1ubuntu20.6) over (2.20.1-5.1ubuntu20) ...
Setting up libmount1:amd64 (2.20.1-5.1ubuntu20.6) ...
Processing triggers for libc-bin (2.19-0ubuntu6.6) ...
(Reading database ... 7443 files and directories currently installed.)
Preparing to unpack .../libsepol1_2.2-1ubuntu0.1_amd64.deb ...
Unpacking libsepol1:amd64 (2.2-1ubuntu0.1) over (2.2-1) ...
Setting up libsepol1:amd64 (2.2-1ubuntu0.1) ...
Processing triggers for libc-bin (2.19-0ubuntu6.6) ...
(Reading database ... 7443 files and directories currently installed.)
Preparing to unpack .../libss2_1.42.9-3ubuntu1.2_amd64.deb ...
Unpacking libss2:amd64 (1.42.9-3ubuntu1.2) over (1.42.9-3ubuntu1) ...
Setting up libss2:amd64 (1.42.9-3ubuntu1.2) ...
Processing triggers for libc-bin (2.19-0ubuntu6.6) ...
(Reading database ... 7443 files and directories currently installed.)
Preparing to unpack .../libdrm2_2.4.60-2~ubuntu14.04.1_amd64.deb ...
Unpacking libdrm2:amd64 (2.4.60-2~ubuntu14.04.1) over (2.4.52-1) ...
Preparing to unpack .../initramfs-tools_0.103ubuntu4.2_all.deb ...
Unpacking initramfs-tools (0.103ubuntu4.2) over (0.103ubuntu4) ...
Preparing to unpack .../initramfs-tools-bin_0.103ubuntu4.2_amd64.deb ...
Unpacking initramfs-tools-bin (0.103ubuntu4.2) over (0.103ubuntu4) ...
Preparing to unpack .../cpio_2.11+dfsg-1ubuntu1.1_amd64.deb ...
Unpacking cpio (2.11+dfsg-1ubuntu1.1) over (2.11+dfsg-1ubuntu1) ...
Preparing to unpack .../plymouth_0.8.8-0ubuntu17.1_amd64.deb ...
Unpacking plymouth (0.8.8-0ubuntu17.1) over (0.8.8-0ubuntu17) ...
Preparing to unpack .../libplymouth2_0.8.8-0ubuntu17.1_amd64.deb ...
Unpacking libplymouth2:amd64 (0.8.8-0ubuntu17.1) over (0.8.8-0ubuntu17) ...
Preparing to unpack .../multiarch-support_2.19-0ubuntu6.6_amd64.deb ...
Unpacking multiarch-support (2.19-0ubuntu6.6) over (2.19-0ubuntu6) ...
Setting up multiarch-support (2.19-0ubuntu6.6) ...
(Reading database ... 7443 files and directories currently installed.)
Preparing to unpack .../locales_2.13+git20120306-12.1_all.deb ...
Unpacking locales (2.13+git20120306-12.1) over (2.13+git20120306-12) ...
Setting up initscripts (2.88dsf-41ubuntu6.2) ...
Installing new version of config file /etc/init.d/ondemand ...
Setting up libdbus-1-3:amd64 (1.6.18-0ubuntu4.3) ...
Setting up libjson-c2:amd64 (0.11-3ubuntu1.2) ...
Setting up libcgmanager0:amd64 (0.24-0ubuntu7.3) ...
Setting up libprocps3:amd64 (1:3.3.9-1ubuntu2.2) ...
Setting up procps (1:3.3.9-1ubuntu2.2) ...
invoke-rc.d: policy-rc.d denied execution of start.
Setting up libudev1:amd64 (204-5ubuntu20.13) ...
Setting up udev (204-5ubuntu20.13) ...
Installing new version of config file /etc/init/udev-fallback-graphics.conf ...
invoke-rc.d: policy-rc.d denied execution of restart.
Removing 'diversion of /bin/udevadm to /bin/udevadm.upgrade by fake-udev'
update-initramfs: deferring update (trigger activated)
Setting up iproute2 (3.12.0-2ubuntu1) ...
Setting up ifupdown (0.7.47.2ubuntu4.1) ...
Installing new version of config file /etc/init/network-interface.conf ...
Setting up libjson0:amd64 (0.11-3ubuntu1.2) ...
Setting up upstart (1.12.1-0ubuntu4.2) ...
Installing new version of config file /etc/cron.daily/upstart ...
Setting up libdrm2:amd64 (2.4.60-2~ubuntu14.04.1) ...
Setting up initramfs-tools-bin (0.103ubuntu4.2) ...
Setting up cpio (2.11+dfsg-1ubuntu1.1) ...
Setting up initramfs-tools (0.103ubuntu4.2) ...
update-initramfs: deferring update (trigger activated)
Setting up libplymouth2:amd64 (0.8.8-0ubuntu17.1) ...
Setting up plymouth (0.8.8-0ubuntu17.1) ...
update-initramfs: deferring update (trigger activated)
Setting up locales (2.13+git20120306-12.1) ...
Processing triggers for libc-bin (2.19-0ubuntu6.6) ...
Processing triggers for initramfs-tools (0.103ubuntu4.2) ...
+ '[' -d /home/tianon/downloads/docker-brew-ubuntu-debootstrap/14.04/rootfs/var/lib/apt/lists ']'
+ rm -rf /home/tianon/downloads/docker-brew-ubuntu-debootstrap/14.04/rootfs/var/lib/apt/lists/archive.ubuntu.com_ubuntu_dists_trusty_main_binary-amd64_Packages.gz /home/tianon/downloads/docker-brew-ubuntu-debootstrap/14.04/rootfs/var/lib/apt/lists/archive.ubuntu.com_ubuntu_dists_trusty_Release /home/tianon/downloads/docker-brew-ubuntu-debootstrap/14.04/rootfs/var/lib/apt/lists/archive.ubuntu.com_ubuntu_dists_trusty_Release.gpg /home/tianon/downloads/docker-brew-ubuntu-debootstrap/14.04/rootfs/var/lib/apt/lists/archive.ubuntu.com_ubuntu_dists_trusty-security_main_binary-amd64_Packages.gz /home/tianon/downloads/docker-brew-ubuntu-debootstrap/14.04/rootfs/var/lib/apt/lists/archive.ubuntu.com_ubuntu_dists_trusty-security_Release /home/tianon/downloads/docker-brew-ubuntu-debootstrap/14.04/rootfs/var/lib/apt/lists/archive.ubuntu.com_ubuntu_dists_trusty-security_Release.gpg /home/tianon/downloads/docker-brew-ubuntu-debootstrap/14.04/rootfs/var/lib/apt/lists/archive.ubuntu.com_ubuntu_dists_trusty-security_universe_binary-amd64_Packages.gz /home/tianon/downloads/docker-brew-ubuntu-debootstrap/14.04/rootfs/var/lib/apt/lists/archive.ubuntu.com_ubuntu_dists_trusty_universe_binary-amd64_Packages.gz /home/tianon/downloads/docker-brew-ubuntu-debootstrap/14.04/rootfs/var/lib/apt/lists/archive.ubuntu.com_ubuntu_dists_trusty-updates_main_binary-amd64_Packages.gz /home/tianon/downloads/docker-brew-ubuntu-debootstrap/14.04/rootfs/var/lib/apt/lists/archive.ubuntu.com_ubuntu_dists_trusty-updates_Release /home/tianon/downloads/docker-brew-ubuntu-debootstrap/14.04/rootfs/var/lib/apt/lists/archive.ubuntu.com_ubuntu_dists_trusty-updates_Release.gpg /home/tianon/downloads/docker-brew-ubuntu-debootstrap/14.04/rootfs/var/lib/apt/lists/archive.ubuntu.com_ubuntu_dists_trusty-updates_universe_binary-amd64_Packages.gz /home/tianon/downloads/docker-brew-ubuntu-debootstrap/14.04/rootfs/var/lib/apt/lists/lock /home/tianon/downloads/docker-brew-ubuntu-debootstrap/14.04/rootfs/var/lib/apt/lists/partial
+ mkdir /home/tianon/downloads/docker-brew-ubuntu-debootstrap/14.04/rootfs/var/lib/apt/lists/partial
+ tar --numeric-owner --create --auto-compress --file /home/tianon/downloads/docker-brew-ubuntu-debootstrap/14.04/rootfs.tar.xz --directory /home/tianon/downloads/docker-brew-ubuntu-debootstrap/14.04/rootfs '--transform=s,^./,,' .
+ cat > '/home/tianon/downloads/docker-brew-ubuntu-debootstrap/14.04/Dockerfile'
+ echo 'CMD ["/bin/bash"]'
+ /home/tianon/docker/docker/contrib/mkimage/../nuke-graph-directory.sh /home/tianon/downloads/docker-brew-ubuntu-debootstrap/14.04/rootfs

Nuking /home/tianon/downloads/docker-brew-ubuntu-debootstrap/14.04/rootfs ...
  (if this is wrong, press Ctrl+C NOW!)

+ sleep 10

+ rm -rf /home/tianon/downloads/docker-brew-ubuntu-debootstrap/14.04/rootfs
