+ mkdir -p /home/tianon/downloads/docker-brew-ubuntu-debootstrap/12.04/rootfs
+ debootstrap --variant=minbase --components=main,universe --include=inetutils-ping,iproute --force-check-gpg precise /home/tianon/downloads/docker-brew-ubuntu-debootstrap/12.04/rootfs http://archive.ubuntu.com/ubuntu
I: Retrieving Release 
I: Retrieving Release.gpg 
I: Checking Release signature
I: Valid Release signature (key id 630239CC130E1A7FD81A27B140976EAF437D05B5)
I: Retrieving Packages 
I: Validating Packages 
I: Retrieving Packages 
I: Validating Packages 
I: Found packages in base already in required: iproute 
I: Resolving dependencies of required packages...
I: Resolving dependencies of base packages...
I: Found additional base dependencies: gnupg gpgv libapt-pkg4.12 libreadline6 libstdc++6 libusb-0.1-4 netbase readline-common ubuntu-keyring 
I: Checking component main on http://archive.ubuntu.com/ubuntu...
I: Checking component universe on http://archive.ubuntu.com/ubuntu...
I: Retrieving adduser 3.113ubuntu2
I: Validating adduser 3.113ubuntu2
I: Retrieving apt 0.8.16~exp12ubuntu10
I: Validating apt 0.8.16~exp12ubuntu10
I: Retrieving base-files 6.5ubuntu6
I: Validating base-files 6.5ubuntu6
I: Retrieving base-passwd 3.5.24
I: Validating base-passwd 3.5.24
I: Retrieving bash 4.2-2ubuntu2
I: Validating bash 4.2-2ubuntu2
I: Retrieving bsdutils 1:2.20.1-1ubuntu3
I: Validating bsdutils 1:2.20.1-1ubuntu3
I: Retrieving busybox-initramfs 1:1.18.5-1ubuntu4
I: Validating busybox-initramfs 1:1.18.5-1ubuntu4
I: Retrieving coreutils 8.13-3ubuntu3
I: Validating coreutils 8.13-3ubuntu3
I: Retrieving cpio 2.11-7ubuntu3
I: Validating cpio 2.11-7ubuntu3
I: Retrieving dash 0.5.7-2ubuntu2
I: Validating dash 0.5.7-2ubuntu2
I: Retrieving debconf 1.5.42ubuntu1
I: Validating debconf 1.5.42ubuntu1
I: Retrieving debianutils 4.2.1ubuntu2
I: Validating debianutils 4.2.1ubuntu2
I: Retrieving diffutils 1:3.2-1ubuntu1
I: Validating diffutils 1:3.2-1ubuntu1
I: Retrieving dpkg 1.16.1.2ubuntu7
I: Validating dpkg 1.16.1.2ubuntu7
I: Retrieving e2fslibs 1.42-1ubuntu2
I: Validating e2fslibs 1.42-1ubuntu2
I: Retrieving e2fsprogs 1.42-1ubuntu2
I: Validating e2fsprogs 1.42-1ubuntu2
I: Retrieving findutils 4.4.2-4ubuntu1
I: Validating findutils 4.4.2-4ubuntu1
I: Retrieving gcc-4.6-base 4.6.3-1ubuntu5
I: Validating gcc-4.6-base 4.6.3-1ubuntu5
I: Retrieving gnupg 1.4.11-3ubuntu2
I: Validating gnupg 1.4.11-3ubuntu2
I: Retrieving gpgv 1.4.11-3ubuntu2
I: Validating gpgv 1.4.11-3ubuntu2
I: Retrieving grep 2.10-1
I: Validating grep 2.10-1
I: Retrieving gzip 1.4-1ubuntu2
I: Validating gzip 1.4-1ubuntu2
I: Retrieving hostname 3.06ubuntu1
I: Validating hostname 3.06ubuntu1
I: Retrieving ifupdown 0.7~beta2ubuntu8
I: Validating ifupdown 0.7~beta2ubuntu8
I: Retrieving initramfs-tools 0.99ubuntu13
I: Validating initramfs-tools 0.99ubuntu13
I: Retrieving initramfs-tools-bin 0.99ubuntu13
I: Validating initramfs-tools-bin 0.99ubuntu13
I: Retrieving initscripts 2.88dsf-13.10ubuntu11
I: Validating initscripts 2.88dsf-13.10ubuntu11
I: Retrieving insserv 1.14.0-2.1ubuntu2
I: Validating insserv 1.14.0-2.1ubuntu2
I: Retrieving iproute 20111117-1ubuntu2
I: Validating iproute 20111117-1ubuntu2
I: Retrieving klibc-utils 1.5.25-1ubuntu2
I: Validating klibc-utils 1.5.25-1ubuntu2
I: Retrieving libacl1 2.2.51-5ubuntu1
I: Validating libacl1 2.2.51-5ubuntu1
I: Retrieving libapt-pkg4.12 0.8.16~exp12ubuntu10
I: Validating libapt-pkg4.12 0.8.16~exp12ubuntu10
I: Retrieving libattr1 1:2.4.46-5ubuntu1
I: Validating libattr1 1:2.4.46-5ubuntu1
I: Retrieving libblkid1 2.20.1-1ubuntu3
I: Validating libblkid1 2.20.1-1ubuntu3
I: Retrieving libbz2-1.0 1.0.6-1
I: Validating libbz2-1.0 1.0.6-1
I: Retrieving libc-bin 2.15-0ubuntu10
I: Validating libc-bin 2.15-0ubuntu10
I: Retrieving libc6 2.15-0ubuntu10
I: Validating libc6 2.15-0ubuntu10
I: Retrieving libcomerr2 1.42-1ubuntu2
I: Validating libcomerr2 1.42-1ubuntu2
I: Retrieving libdb5.1 5.1.25-11build1
I: Validating libdb5.1 5.1.25-11build1
I: Retrieving libdbus-1-3 1.4.18-1ubuntu1
I: Validating libdbus-1-3 1.4.18-1ubuntu1
I: Retrieving libdrm-intel1 2.4.32-1ubuntu1
I: Validating libdrm-intel1 2.4.32-1ubuntu1
I: Retrieving libdrm-nouveau1a 2.4.32-1ubuntu1
I: Validating libdrm-nouveau1a 2.4.32-1ubuntu1
I: Retrieving libdrm-radeon1 2.4.32-1ubuntu1
I: Validating libdrm-radeon1 2.4.32-1ubuntu1
I: Retrieving libdrm2 2.4.32-1ubuntu1
I: Validating libdrm2 2.4.32-1ubuntu1
I: Retrieving libelf1 0.152-1ubuntu3
I: Validating libelf1 0.152-1ubuntu3
I: Retrieving libffi6 3.0.11~rc1-5
I: Validating libffi6 3.0.11~rc1-5
I: Retrieving libgcc1 1:4.6.3-1ubuntu5
I: Validating libgcc1 1:4.6.3-1ubuntu5
I: Retrieving libglib2.0-0 2.32.1-0ubuntu2
I: Validating libglib2.0-0 2.32.1-0ubuntu2
I: Retrieving libklibc 1.5.25-1ubuntu2
I: Validating libklibc 1.5.25-1ubuntu2
I: Retrieving liblzma5 5.1.1alpha+20110809-3
I: Validating liblzma5 5.1.1alpha+20110809-3
I: Retrieving libmount1 2.20.1-1ubuntu3
I: Validating libmount1 2.20.1-1ubuntu3
I: Retrieving libncurses5 5.9-4
I: Validating libncurses5 5.9-4
I: Retrieving libncursesw5 5.9-4
I: Validating libncursesw5 5.9-4
I: Retrieving libnih-dbus1 1.0.3-4ubuntu9
I: Validating libnih-dbus1 1.0.3-4ubuntu9
I: Retrieving libnih1 1.0.3-4ubuntu9
I: Validating libnih1 1.0.3-4ubuntu9
I: Retrieving libpam-modules 1.1.3-7ubuntu2
I: Validating libpam-modules 1.1.3-7ubuntu2
I: Retrieving libpam-modules-bin 1.1.3-7ubuntu2
I: Validating libpam-modules-bin 1.1.3-7ubuntu2
I: Retrieving libpam-runtime 1.1.3-7ubuntu2
I: Validating libpam-runtime 1.1.3-7ubuntu2
I: Retrieving libpam0g 1.1.3-7ubuntu2
I: Validating libpam0g 1.1.3-7ubuntu2
I: Retrieving libpciaccess0 0.12.902-1
I: Validating libpciaccess0 0.12.902-1
I: Retrieving libpcre3 8.12-4
I: Validating libpcre3 8.12-4
I: Retrieving libplymouth2 0.8.2-2ubuntu30
I: Validating libplymouth2 0.8.2-2ubuntu30
I: Retrieving libpng12-0 1.2.46-3ubuntu4
I: Validating libpng12-0 1.2.46-3ubuntu4
I: Retrieving libreadline6 6.2-8
I: Validating libreadline6 6.2-8
I: Retrieving libselinux1 2.1.0-4.1ubuntu1
I: Validating libselinux1 2.1.0-4.1ubuntu1
I: Retrieving libslang2 2.2.4-3ubuntu1
I: Validating libslang2 2.2.4-3ubuntu1
I: Retrieving libss2 1.42-1ubuntu2
I: Validating libss2 1.42-1ubuntu2
I: Retrieving libssl1.0.0 1.0.1-4ubuntu3
I: Validating libssl1.0.0 1.0.1-4ubuntu3
I: Retrieving libstdc++6 4.6.3-1ubuntu5
I: Validating libstdc++6 4.6.3-1ubuntu5
I: Retrieving libtinfo5 5.9-4
I: Validating libtinfo5 5.9-4
I: Retrieving libudev0 175-0ubuntu9
I: Validating libudev0 175-0ubuntu9
I: Retrieving libusb-0.1-4 2:0.1.12-20
I: Validating libusb-0.1-4 2:0.1.12-20
I: Retrieving libuuid1 2.20.1-1ubuntu3
I: Validating libuuid1 2.20.1-1ubuntu3
I: Retrieving locales 2.13+git20120306-3
I: Validating locales 2.13+git20120306-3
I: Retrieving login 1:4.1.4.2+svn3283-3ubuntu5
I: Validating login 1:4.1.4.2+svn3283-3ubuntu5
I: Retrieving lsb-base 4.0-0ubuntu20
I: Validating lsb-base 4.0-0ubuntu20
I: Retrieving makedev 2.3.1-89ubuntu2
I: Validating makedev 2.3.1-89ubuntu2
I: Retrieving mawk 1.3.3-17
I: Validating mawk 1.3.3-17
I: Retrieving module-init-tools 3.16-1ubuntu2
I: Validating module-init-tools 3.16-1ubuntu2
I: Retrieving mount 2.20.1-1ubuntu3
I: Validating mount 2.20.1-1ubuntu3
I: Retrieving mountall 2.36
I: Validating mountall 2.36
I: Retrieving multiarch-support 2.15-0ubuntu10
I: Validating multiarch-support 2.15-0ubuntu10
I: Retrieving ncurses-base 5.9-4
I: Validating ncurses-base 5.9-4
I: Retrieving ncurses-bin 5.9-4
I: Validating ncurses-bin 5.9-4
I: Retrieving netbase 4.47ubuntu1
I: Validating netbase 4.47ubuntu1
I: Retrieving passwd 1:4.1.4.2+svn3283-3ubuntu5
I: Validating passwd 1:4.1.4.2+svn3283-3ubuntu5
I: Retrieving perl-base 5.14.2-6ubuntu2
I: Validating perl-base 5.14.2-6ubuntu2
I: Retrieving plymouth 0.8.2-2ubuntu30
I: Validating plymouth 0.8.2-2ubuntu30
I: Retrieving procps 1:3.2.8-11ubuntu6
I: Validating procps 1:3.2.8-11ubuntu6
I: Retrieving python-minimal 2.7.3-0ubuntu2
I: Validating python-minimal 2.7.3-0ubuntu2
I: Retrieving python2.7-minimal 2.7.3-0ubuntu3
I: Validating python2.7-minimal 2.7.3-0ubuntu3
I: Retrieving readline-common 6.2-8
I: Validating readline-common 6.2-8
I: Retrieving sed 4.2.1-9
I: Validating sed 4.2.1-9
I: Retrieving sensible-utils 0.0.6ubuntu2
I: Validating sensible-utils 0.0.6ubuntu2
I: Retrieving sysv-rc 2.88dsf-13.10ubuntu11
I: Validating sysv-rc 2.88dsf-13.10ubuntu11
I: Retrieving sysvinit-utils 2.88dsf-13.10ubuntu11
I: Validating sysvinit-utils 2.88dsf-13.10ubuntu11
I: Retrieving tar 1.26-4ubuntu1
I: Validating tar 1.26-4ubuntu1
I: Retrieving tzdata 2012b-1
I: Validating tzdata 2012b-1
I: Retrieving ubuntu-keyring 2011.11.21
I: Validating ubuntu-keyring 2011.11.21
I: Retrieving udev 175-0ubuntu9
I: Validating udev 175-0ubuntu9
I: Retrieving upstart 1.5-0ubuntu5
I: Validating upstart 1.5-0ubuntu5
I: Retrieving util-linux 2.20.1-1ubuntu3
I: Validating util-linux 2.20.1-1ubuntu3
I: Retrieving xz-utils 5.1.1alpha+20110809-3
I: Validating xz-utils 5.1.1alpha+20110809-3
I: Retrieving zlib1g 1:1.2.3.4.dfsg-3ubuntu4
I: Validating zlib1g 1:1.2.3.4.dfsg-3ubuntu4
I: Retrieving inetutils-ping 2:1.8-6
I: Validating inetutils-ping 2:1.8-6
I: Chosen extractor for .deb packages: dpkg-deb
I: Extracting adduser...
I: Extracting base-files...
I: Extracting base-passwd...
I: Extracting bash...
I: Extracting bsdutils...
I: Extracting busybox-initramfs...
I: Extracting coreutils...
I: Extracting cpio...
I: Extracting dash...
I: Extracting debconf...
I: Extracting debianutils...
I: Extracting diffutils...
I: Extracting dpkg...
I: Extracting e2fslibs...
I: Extracting e2fsprogs...
I: Extracting findutils...
I: Extracting gcc-4.6-base...
I: Extracting grep...
I: Extracting gzip...
I: Extracting hostname...
I: Extracting ifupdown...
I: Extracting initramfs-tools...
I: Extracting initramfs-tools-bin...
I: Extracting initscripts...
I: Extracting insserv...
I: Extracting iproute...
I: Extracting klibc-utils...
I: Extracting libacl1...
I: Extracting libattr1...
I: Extracting libblkid1...
I: Extracting libbz2-1.0...
I: Extracting libc-bin...
I: Extracting libc6...
I: Extracting libcomerr2...
I: Extracting libdb5.1...
I: Extracting libdbus-1-3...
I: Extracting libdrm-intel1...
I: Extracting libdrm-nouveau1a...
I: Extracting libdrm-radeon1...
I: Extracting libdrm2...
I: Extracting libelf1...
I: Extracting libffi6...
I: Extracting libgcc1...
I: Extracting libglib2.0-0...
I: Extracting libklibc...
I: Extracting liblzma5...
I: Extracting libmount1...
I: Extracting libncurses5...
I: Extracting libncursesw5...
I: Extracting libnih-dbus1...
I: Extracting libnih1...
I: Extracting libpam-modules...
I: Extracting libpam-modules-bin...
I: Extracting libpam-runtime...
I: Extracting libpam0g...
I: Extracting libpciaccess0...
I: Extracting libpcre3...
I: Extracting libplymouth2...
I: Extracting libpng12-0...
I: Extracting libselinux1...
I: Extracting libslang2...
I: Extracting libss2...
I: Extracting libssl1.0.0...
I: Extracting libtinfo5...
I: Extracting libudev0...
I: Extracting libuuid1...
I: Extracting locales...
I: Extracting login...
I: Extracting lsb-base...
I: Extracting makedev...
I: Extracting mawk...
I: Extracting module-init-tools...
I: Extracting mount...
I: Extracting mountall...
I: Extracting multiarch-support...
I: Extracting ncurses-base...
I: Extracting ncurses-bin...
I: Extracting passwd...
I: Extracting perl-base...
I: Extracting plymouth...
I: Extracting procps...
I: Extracting python-minimal...
I: Extracting python2.7-minimal...
I: Extracting sed...
I: Extracting sensible-utils...
I: Extracting sysv-rc...
I: Extracting sysvinit-utils...
I: Extracting tar...
I: Extracting tzdata...
I: Extracting udev...
I: Extracting upstart...
I: Extracting util-linux...
I: Extracting xz-utils...
I: Extracting zlib1g...
I: Installing core packages...
I: Unpacking required packages...
I: Unpacking adduser...
I: Unpacking base-files...
I: Unpacking base-passwd...
I: Unpacking bash...
I: Unpacking bsdutils...
I: Unpacking busybox-initramfs...
I: Unpacking coreutils...
I: Unpacking cpio...
I: Unpacking dash...
I: Unpacking debconf...
I: Unpacking debianutils...
I: Unpacking diffutils...
I: Unpacking dpkg...
I: Unpacking e2fslibs...
I: Unpacking e2fsprogs...
I: Unpacking findutils...
I: Unpacking gcc-4.6-base...
I: Unpacking grep...
I: Unpacking gzip...
I: Unpacking hostname...
I: Unpacking ifupdown...
I: Unpacking initramfs-tools...
I: Unpacking initramfs-tools-bin...
I: Unpacking initscripts...
I: Unpacking insserv...
I: Unpacking iproute...
I: Unpacking klibc-utils...
I: Unpacking libacl1...
I: Unpacking libattr1...
I: Unpacking libblkid1...
I: Unpacking libbz2-1.0...
I: Unpacking libc-bin...
I: Unpacking libc6...
I: Unpacking libcomerr2...
I: Unpacking libdb5.1...
I: Unpacking libdbus-1-3...
I: Unpacking libdrm-intel1...
I: Unpacking libdrm-nouveau1a...
I: Unpacking libdrm-radeon1...
I: Unpacking libdrm2...
I: Unpacking libelf1...
I: Unpacking libffi6...
I: Unpacking libgcc1...
I: Unpacking libglib2.0-0...
I: Unpacking libklibc...
I: Unpacking liblzma5...
I: Unpacking libmount1...
I: Unpacking libncurses5...
I: Unpacking libncursesw5...
I: Unpacking libnih-dbus1...
I: Unpacking libnih1...
I: Unpacking libpam-modules...
I: Unpacking libpam-modules-bin...
I: Unpacking libpam-runtime...
I: Unpacking libpam0g...
I: Unpacking libpciaccess0...
I: Unpacking libpcre3...
I: Unpacking libplymouth2...
I: Unpacking libpng12-0...
I: Unpacking libselinux1...
I: Unpacking libslang2...
I: Unpacking libss2...
I: Unpacking libssl1.0.0...
I: Unpacking libtinfo5...
I: Unpacking libudev0...
I: Unpacking libuuid1...
I: Unpacking locales...
I: Unpacking login...
I: Unpacking lsb-base...
I: Unpacking makedev...
I: Unpacking mawk...
I: Unpacking module-init-tools...
I: Unpacking mount...
I: Unpacking mountall...
I: Unpacking multiarch-support...
I: Unpacking ncurses-base...
I: Unpacking ncurses-bin...
I: Unpacking passwd...
I: Unpacking perl-base...
I: Unpacking plymouth...
I: Unpacking procps...
I: Unpacking python-minimal...
I: Unpacking python2.7-minimal...
I: Unpacking sed...
I: Unpacking sensible-utils...
I: Unpacking sysv-rc...
I: Unpacking sysvinit-utils...
I: Unpacking tar...
I: Unpacking tzdata...
I: Unpacking udev...
I: Unpacking upstart...
I: Unpacking util-linux...
I: Unpacking xz-utils...
I: Unpacking zlib1g...
I: Configuring required packages...
I: Configuring ncurses-base...
I: Configuring sensible-utils...
I: Configuring libklibc...
I: Configuring klibc-utils...
I: Configuring libc-bin...
I: Configuring gcc-4.6-base...
I: Configuring perl-base...
I: Configuring debconf...
I: Configuring tzdata...
I: Configuring libc6...
I: Configuring debianutils...
I: Configuring bsdutils...
I: Configuring tar...
I: Configuring locales...
I: Configuring base-passwd...
I: Configuring mawk...
I: Configuring insserv...
I: Configuring busybox-initramfs...
I: Configuring multiarch-support...
I: Configuring libselinux1...
I: Configuring libelf1...
I: Configuring makedev...
I: Configuring libdbus-1-3...
I: Configuring libffi6...
I: Configuring libpam0g...
I: Configuring libdrm2...
I: Configuring libdrm-nouveau1a...
I: Configuring libudev0...
I: Configuring libdrm-radeon1...
I: Configuring zlib1g...
I: Configuring libgcc1...
I: Configuring base-files...
I: Configuring initramfs-tools-bin...
I: Configuring libattr1...
I: Configuring e2fslibs...
I: Configuring libcomerr2...
I: Configuring libacl1...
I: Configuring libslang2...
I: Configuring libss2...
I: Configuring libpam-modules-bin...
I: Configuring liblzma5...
I: Configuring libnih1...
I: Configuring libdb5.1...
I: Configuring libpcre3...
I: Configuring libbz2-1.0...
I: Configuring libtinfo5...
I: Configuring libpciaccess0...
I: Configuring sysvinit-utils...
I: Configuring libnih-dbus1...
I: Configuring libpng12-0...
I: Configuring libglib2.0-0...
I: Configuring coreutils...
I: Configuring libssl1.0.0...
I: Configuring ncurses-bin...
I: Configuring sysv-rc...
I: Configuring libpam-modules...
I: Configuring libncurses5...
I: Configuring libplymouth2...
I: Configuring iproute...
I: Configuring upstart...
I: Configuring passwd...
I: Configuring hostname...
I: Configuring libpam-runtime...
I: Configuring xz-utils...
I: Configuring dpkg...
I: Configuring libncursesw5...
I: Configuring libdrm-intel1...
I: Configuring cpio...
I: Configuring dash...
I: Configuring login...
I: Configuring module-init-tools...
I: Configuring libuuid1...
I: Configuring python-minimal...
I: Configuring mountall...
I: Configuring diffutils...
I: Configuring adduser...
I: Configuring sed...
I: Configuring python2.7-minimal...
I: Configuring grep...
I: Configuring libblkid1...
I: Configuring findutils...
I: Configuring gzip...
I: Configuring bash...
I: Configuring lsb-base...
I: Configuring libmount1...
I: Configuring mount...
I: Configuring initscripts...
I: Configuring util-linux...
I: Configuring procps...
I: Configuring ifupdown...
I: Configuring e2fsprogs...
I: Configuring udev...
I: Configuring initramfs-tools...
I: Configuring plymouth...
I: Configuring libc-bin...
I: Configuring initramfs-tools...
I: Unpacking the base system...
I: Unpacking apt...
I: Unpacking gnupg...
I: Unpacking gpgv...
I: Unpacking libapt-pkg4.12...
I: Unpacking libreadline6...
I: Unpacking libstdc++6...
I: Unpacking libusb-0.1-4...
I: Unpacking netbase...
I: Unpacking readline-common...
I: Unpacking ubuntu-keyring...
I: Unpacking inetutils-ping...
I: Configuring the base system...
I: Configuring libusb-0.1-4...
I: Configuring netbase...
I: Configuring inetutils-ping...
I: Configuring ubuntu-keyring...
I: Configuring libstdc++6...
I: Configuring readline-common...
I: Configuring libapt-pkg4.12...
I: Configuring libreadline6...
I: Configuring gpgv...
I: Configuring gnupg...
I: Configuring apt...
I: Configuring libc-bin...
I: Base system installed successfully.
+ echo exit 101 > '/home/tianon/downloads/docker-brew-ubuntu-debootstrap/12.04/rootfs/usr/sbin/policy-rc.d'
+ rootfs_chroot dpkg-divert --local --rename --add /sbin/initctl
+ PATH=/usr/local/sbin:/usr/local/bin:/usr/sbin:/usr/bin:/sbin:/bin
+ /bin/chroot /home/tianon/downloads/docker-brew-ubuntu-debootstrap/12.04/rootfs dpkg-divert --local --rename --add /sbin/initctl
Adding 'local diversion of /sbin/initctl to /sbin/initctl.distrib'
+ cp -a /home/tianon/downloads/docker-brew-ubuntu-debootstrap/12.04/rootfs/usr/sbin/policy-rc.d /home/tianon/downloads/docker-brew-ubuntu-debootstrap/12.04/rootfs/sbin/initctl
+ sed -i 's/^exit.*/exit 0/' /home/tianon/downloads/docker-brew-ubuntu-debootstrap/12.04/rootfs/sbin/initctl
+ rootfs_chroot apt-get clean
+ PATH=/usr/local/sbin:/usr/local/bin:/usr/sbin:/usr/bin:/sbin:/bin
+ /bin/chroot /home/tianon/downloads/docker-brew-ubuntu-debootstrap/12.04/rootfs apt-get clean
+ echo force-unsafe-io > '/home/tianon/downloads/docker-brew-ubuntu-debootstrap/12.04/rootfs/etc/dpkg/dpkg.cfg.d/docker-apt-speedup'
+ cat > '/home/tianon/downloads/docker-brew-ubuntu-debootstrap/12.04/rootfs/etc/apt/apt.conf.d/docker-clean'
+ echo Acquire::Languages 'none' > '/home/tianon/downloads/docker-brew-ubuntu-debootstrap/12.04/rootfs/etc/apt/apt.conf.d/docker-no-languages'
+ echo Acquire::GzipIndexes 'true' > '/home/tianon/downloads/docker-brew-ubuntu-debootstrap/12.04/rootfs/etc/apt/apt.conf.d/docker-gzip-indexes'
+ echo Apt::AutoRemove::SuggestsImportant 'false' > '/home/tianon/downloads/docker-brew-ubuntu-debootstrap/12.04/rootfs/etc/apt/apt.conf.d/docker-autoremove-suggests'
+ sed -i '
					p;
					s/ precise / precise-updates /; p;
					s/ precise-updates / precise-security /
				' /home/tianon/downloads/docker-brew-ubuntu-debootstrap/12.04/rootfs/etc/apt/sources.list
+ rootfs_chroot sh -xc 'apt-get update && apt-get dist-upgrade -y'
+ PATH=/usr/local/sbin:/usr/local/bin:/usr/sbin:/usr/bin:/sbin:/bin
+ /bin/chroot /home/tianon/downloads/docker-brew-ubuntu-debootstrap/12.04/rootfs sh -xc 'apt-get update && apt-get dist-upgrade -y'
+ apt-get update
Ign http://archive.ubuntu.com precise InRelease
Ign http://archive.ubuntu.com precise-updates InRelease
Ign http://archive.ubuntu.com precise-security InRelease
Hit http://archive.ubuntu.com precise Release.gpg
Get:1 http://archive.ubuntu.com precise-updates Release.gpg [198 B]
Get:2 http://archive.ubuntu.com precise-security Release.gpg [198 B]
Hit http://archive.ubuntu.com precise Release
Get:3 http://archive.ubuntu.com precise-updates Release [196 kB]
Get:4 http://archive.ubuntu.com precise-security Release [54.3 kB]
Get:5 http://archive.ubuntu.com precise/main amd64 Packages [1640 kB]
Get:6 http://archive.ubuntu.com precise/universe amd64 Packages [6167 kB]
Get:7 http://archive.ubuntu.com precise/main i386 Packages [1641 kB]
Get:8 http://archive.ubuntu.com precise/universe i386 Packages [6180 kB]
Get:9 http://archive.ubuntu.com precise-updates/main amd64 Packages [1206 kB]
Get:10 http://archive.ubuntu.com precise-updates/universe amd64 Packages [345 kB]
Get:11 http://archive.ubuntu.com precise-updates/main i386 Packages [1270 kB]
Get:12 http://archive.ubuntu.com precise-updates/universe i386 Packages [356 kB]
Get:13 http://archive.ubuntu.com precise-security/main amd64 Packages [698 kB]
Get:14 http://archive.ubuntu.com precise-security/universe amd64 Packages [158 kB]
Get:15 http://archive.ubuntu.com precise-security/main i386 Packages [761 kB]
Get:16 http://archive.ubuntu.com precise-security/universe i386 Packages [168 kB]
Fetched 20.8 MB in 2s (9020 kB/s)
Reading package lists...
+ apt-get dist-upgrade -y
Reading package lists...
Building dependency tree...
The following packages will be upgraded:
  apt base-files bash bsdutils busybox-initramfs coreutils cpio dpkg e2fslibs
  e2fsprogs gnupg gpgv ifupdown initramfs-tools initramfs-tools-bin
  initscripts iproute libapt-pkg4.12 libblkid1 libc-bin libc6 libcomerr2
  libdbus-1-3 libdrm-intel1 libdrm-nouveau1a libdrm-radeon1 libdrm2 libelf1
  libglib2.0-0 libmount1 libnih-dbus1 libnih1 libpciaccess0 libpcre3
  libplymouth2 libss2 libssl1.0.0 libudev0 libuuid1 login lsb-base mount
  mountall multiarch-support passwd perl-base plymouth procps python-minimal
  python2.7-minimal sysv-rc sysvinit-utils tzdata ubuntu-keyring udev upstart
  util-linux
57 upgraded, 0 newly installed, 0 to remove and 0 not upgraded.
Need to get 25.8 MB of archives.
After this operation, 94.2 kB disk space will be freed.
Get:1 http://archive.ubuntu.com/ubuntu/ precise-updates/main base-files amd64 6.5ubuntu6.8 [68.2 kB]
Get:2 http://archive.ubuntu.com/ubuntu/ precise-updates/main bash amd64 4.2-2ubuntu2.6 [641 kB]
Get:3 http://archive.ubuntu.com/ubuntu/ precise-updates/main dpkg amd64 1.16.1.2ubuntu7.6 [1829 kB]
Get:4 http://archive.ubuntu.com/ubuntu/ precise-updates/main coreutils amd64 8.13-3ubuntu3.3 [2234 kB]
Get:5 http://archive.ubuntu.com/ubuntu/ precise-updates/main sysv-rc all 2.88dsf-13.10ubuntu11.1 [44.6 kB]
Get:6 http://archive.ubuntu.com/ubuntu/ precise-updates/main plymouth amd64 0.8.2-2ubuntu31.1 [123 kB]
Get:7 http://archive.ubuntu.com/ubuntu/ precise-updates/main libplymouth2 amd64 0.8.2-2ubuntu31.1 [92.0 kB]
Get:8 http://archive.ubuntu.com/ubuntu/ precise-updates/main initramfs-tools-bin amd64 0.99ubuntu13.5 [9782 B]
Get:9 http://archive.ubuntu.com/ubuntu/ precise-updates/main initramfs-tools all 0.99ubuntu13.5 [49.0 kB]
Get:10 http://archive.ubuntu.com/ubuntu/ precise-updates/main mountall amd64 2.36.4ubuntu0.1 [67.5 kB]
Get:11 http://archive.ubuntu.com/ubuntu/ precise-updates/main initscripts amd64 2.88dsf-13.10ubuntu11.1 [28.1 kB]
Get:12 http://archive.ubuntu.com/ubuntu/ precise-updates/main upstart amd64 1.5-0ubuntu7.3 [309 kB]
Get:13 http://archive.ubuntu.com/ubuntu/ precise-updates/main libc-bin amd64 2.15-0ubuntu10.12 [1179 kB]
Get:14 http://archive.ubuntu.com/ubuntu/ precise-updates/main libc6 amd64 2.15-0ubuntu10.12 [4652 kB]
Get:15 http://archive.ubuntu.com/ubuntu/ precise-updates/main sysvinit-utils amd64 2.88dsf-13.10ubuntu11.1 [60.2 kB]
Get:16 http://archive.ubuntu.com/ubuntu/ precise-updates/main libdbus-1-3 amd64 1.4.18-1ubuntu1.7 [146 kB]
Get:17 http://archive.ubuntu.com/ubuntu/ precise-updates/main libdrm2 amd64 2.4.52-1~precise2 [26.1 kB]
Get:18 http://archive.ubuntu.com/ubuntu/ precise-updates/main libpciaccess0 amd64 0.12.902-1ubuntu0.2 [20.8 kB]
Get:19 http://archive.ubuntu.com/ubuntu/ precise-updates/main libdrm-intel1 amd64 2.4.52-1~precise2 [65.6 kB]
Get:20 http://archive.ubuntu.com/ubuntu/ precise-updates/main libdrm-nouveau1a amd64 2.4.52-1~precise2 [14.0 kB]
Get:21 http://archive.ubuntu.com/ubuntu/ precise-updates/main libdrm-radeon1 amd64 2.4.52-1~precise2 [27.8 kB]
Get:22 http://archive.ubuntu.com/ubuntu/ precise-updates/main libpcre3 amd64 8.12-4ubuntu0.1 [149 kB]
Get:23 http://archive.ubuntu.com/ubuntu/ precise-updates/main libglib2.0-0 amd64 2.32.4-0ubuntu1 [1200 kB]
Get:24 http://archive.ubuntu.com/ubuntu/ precise-updates/main libudev0 amd64 175-0ubuntu9.9 [27.9 kB]
Get:25 http://archive.ubuntu.com/ubuntu/ precise-updates/main busybox-initramfs amd64 1:1.18.5-1ubuntu4.1 [183 kB]
Get:26 http://archive.ubuntu.com/ubuntu/ precise-updates/main cpio amd64 2.11-7ubuntu3.1 [116 kB]
Get:27 http://archive.ubuntu.com/ubuntu/ precise-updates/main lsb-base all 4.0-0ubuntu20.3 [10.5 kB]
Get:28 http://archive.ubuntu.com/ubuntu/ precise-updates/main tzdata all 2015f-0ubuntu0.12.04 [424 kB]
Get:29 http://archive.ubuntu.com/ubuntu/ precise-updates/main util-linux amd64 2.20.1-1ubuntu3.1 [596 kB]
Get:30 http://archive.ubuntu.com/ubuntu/ precise-updates/main procps amd64 1:3.2.8-11ubuntu6.4 [233 kB]
Get:31 http://archive.ubuntu.com/ubuntu/ precise-updates/main udev amd64 175-0ubuntu9.9 [319 kB]
Get:32 http://archive.ubuntu.com/ubuntu/ precise-updates/main libnih-dbus1 amd64 1.0.3-4ubuntu9.1 [16.0 kB]
Get:33 http://archive.ubuntu.com/ubuntu/ precise-updates/main libnih1 amd64 1.0.3-4ubuntu9.1 [54.8 kB]
Get:34 http://archive.ubuntu.com/ubuntu/ precise-updates/main mount amd64 2.20.1-1ubuntu3.1 [166 kB]
Get:35 http://archive.ubuntu.com/ubuntu/ precise-updates/main passwd amd64 1:4.1.4.2+svn3283-3ubuntu5.1 [959 kB]
Get:36 http://archive.ubuntu.com/ubuntu/ precise-updates/main iproute amd64 20111117-1ubuntu2.3 [444 kB]
Get:37 http://archive.ubuntu.com/ubuntu/ precise-updates/main ifupdown amd64 0.7~beta2ubuntu11.1 [48.3 kB]
Get:38 http://archive.ubuntu.com/ubuntu/ precise-updates/main e2fslibs amd64 1.42-1ubuntu2.2 [188 kB]
Get:39 http://archive.ubuntu.com/ubuntu/ precise-updates/main e2fsprogs amd64 1.42-1ubuntu2.2 [965 kB]
Get:40 http://archive.ubuntu.com/ubuntu/ precise-updates/main login amd64 1:4.1.4.2+svn3283-3ubuntu5.1 [291 kB]
Get:41 http://archive.ubuntu.com/ubuntu/ precise-updates/main perl-base amd64 5.14.2-6ubuntu2.4 [1513 kB]
Get:42 http://archive.ubuntu.com/ubuntu/ precise-updates/main bsdutils amd64 1:2.20.1-1ubuntu3.1 [39.7 kB]
Get:43 http://archive.ubuntu.com/ubuntu/ precise-updates/main libssl1.0.0 amd64 1.0.1-4ubuntu5.31 [1053 kB]
Get:44 http://archive.ubuntu.com/ubuntu/ precise-updates/main python2.7-minimal amd64 2.7.3-0ubuntu3.8 [1743 kB]
Get:45 http://archive.ubuntu.com/ubuntu/ precise-updates/main python-minimal amd64 2.7.3-0ubuntu2.2 [29.7 kB]
Get:46 http://archive.ubuntu.com/ubuntu/ precise-updates/main libapt-pkg4.12 amd64 0.8.16~exp12ubuntu10.25 [937 kB]
Get:47 http://archive.ubuntu.com/ubuntu/ precise-updates/main ubuntu-keyring all 2011.11.21.1 [16.7 kB]
Get:48 http://archive.ubuntu.com/ubuntu/ precise-updates/main gpgv amd64 1.4.11-3ubuntu2.9 [187 kB]
Get:49 http://archive.ubuntu.com/ubuntu/ precise-updates/main gnupg amd64 1.4.11-3ubuntu2.9 [810 kB]
Get:50 http://archive.ubuntu.com/ubuntu/ precise-updates/main apt amd64 0.8.16~exp12ubuntu10.25 [1104 kB]
Get:51 http://archive.ubuntu.com/ubuntu/ precise-updates/main libuuid1 amd64 2.20.1-1ubuntu3.1 [12.8 kB]
Get:52 http://archive.ubuntu.com/ubuntu/ precise-updates/main libblkid1 amd64 2.20.1-1ubuntu3.1 [73.7 kB]
Get:53 http://archive.ubuntu.com/ubuntu/ precise-updates/main libcomerr2 amd64 1.42-1ubuntu2.2 [57.1 kB]
Get:54 http://archive.ubuntu.com/ubuntu/ precise-updates/main libmount1 amd64 2.20.1-1ubuntu3.1 [71.5 kB]
Get:55 http://archive.ubuntu.com/ubuntu/ precise-updates/main libss2 amd64 1.42-1ubuntu2.2 [62.2 kB]
Get:56 http://archive.ubuntu.com/ubuntu/ precise-updates/main libelf1 amd64 0.152-1ubuntu3.1 [42.8 kB]
Get:57 http://archive.ubuntu.com/ubuntu/ precise-updates/main multiarch-support amd64 2.15-0ubuntu10.12 [4482 B]
perl: warning: Setting locale failed.
perl: warning: Please check that your locale settings:
	LANGUAGE = (unset),
	LC_ALL = (unset),
	LANG = "en_US.utf8"
    are supported and installed on your system.
perl: warning: Falling back to the standard locale ("C").
debconf: delaying package configuration, since apt-utils is not installed
Fetched 25.8 MB in 5s (5009 kB/s)
Can not write log, openpty() failed (/dev/pts not mounted?)
(Reading database ... 7565 files and directories currently installed.)
Preparing to replace base-files 6.5ubuntu6 (using .../base-files_6.5ubuntu6.8_amd64.deb) ...
Unpacking replacement base-files ...
Can not write log, openpty() failed (/dev/pts not mounted?)
Setting up base-files (6.5ubuntu6.8) ...
Installing new version of config file /etc/issue ...
Installing new version of config file /etc/issue.net ...
Installing new version of config file /etc/lsb-release ...
Can not write log, openpty() failed (/dev/pts not mounted?)
(Reading database ... 7566 files and directories currently installed.)
Preparing to replace bash 4.2-2ubuntu2 (using .../bash_4.2-2ubuntu2.6_amd64.deb) ...
Unpacking replacement bash ...
Can not write log, openpty() failed (/dev/pts not mounted?)
Setting up bash (4.2-2ubuntu2.6) ...
update-alternatives: using /usr/share/man/man7/bash-builtins.7.gz to provide /usr/share/man/man7/builtins.7.gz (builtins.7.gz) in auto mode.
Can not write log, openpty() failed (/dev/pts not mounted?)
(Reading database ... 7566 files and directories currently installed.)
Preparing to replace dpkg 1.16.1.2ubuntu7 (using .../dpkg_1.16.1.2ubuntu7.6_amd64.deb) ...
Unpacking replacement dpkg ...
Can not write log, openpty() failed (/dev/pts not mounted?)
Setting up dpkg (1.16.1.2ubuntu7.6) ...
Can not write log, openpty() failed (/dev/pts not mounted?)
(Reading database ... 7567 files and directories currently installed.)
Preparing to replace coreutils 8.13-3ubuntu3 (using .../coreutils_8.13-3ubuntu3.3_amd64.deb) ...
Unpacking replacement coreutils ...
Can not write log, openpty() failed (/dev/pts not mounted?)
Setting up coreutils (8.13-3ubuntu3.3) ...
Can not write log, openpty() failed (/dev/pts not mounted?)
(Reading database ... 7567 files and directories currently installed.)
Preparing to replace sysv-rc 2.88dsf-13.10ubuntu11 (using .../sysv-rc_2.88dsf-13.10ubuntu11.1_all.deb) ...
Unpacking replacement sysv-rc ...
Preparing to replace plymouth 0.8.2-2ubuntu30 (using .../plymouth_0.8.2-2ubuntu31.1_amd64.deb) ...
Unpacking replacement plymouth ...
Preparing to replace libplymouth2 0.8.2-2ubuntu30 (using .../libplymouth2_0.8.2-2ubuntu31.1_amd64.deb) ...
Unpacking replacement libplymouth2 ...
Preparing to replace initramfs-tools-bin 0.99ubuntu13 (using .../initramfs-tools-bin_0.99ubuntu13.5_amd64.deb) ...
Unpacking replacement initramfs-tools-bin ...
Preparing to replace initramfs-tools 0.99ubuntu13 (using .../initramfs-tools_0.99ubuntu13.5_all.deb) ...
Unpacking replacement initramfs-tools ...
Preparing to replace mountall 2.36 (using .../mountall_2.36.4ubuntu0.1_amd64.deb) ...
Unpacking replacement mountall ...
Preparing to replace initscripts 2.88dsf-13.10ubuntu11 (using .../initscripts_2.88dsf-13.10ubuntu11.1_amd64.deb) ...
Unpacking replacement initscripts ...
Preparing to replace upstart 1.5-0ubuntu5 (using .../upstart_1.5-0ubuntu7.3_amd64.deb) ...
Unpacking replacement upstart ...
Preparing to replace libc-bin 2.15-0ubuntu10 (using .../libc-bin_2.15-0ubuntu10.12_amd64.deb) ...
Unpacking replacement libc-bin ...
Can not write log, openpty() failed (/dev/pts not mounted?)
Setting up libc-bin (2.15-0ubuntu10.12) ...
Can not write log, openpty() failed (/dev/pts not mounted?)
(Reading database ... 7569 files and directories currently installed.)
Preparing to replace libc6 2.15-0ubuntu10 (using .../libc6_2.15-0ubuntu10.12_amd64.deb) ...
debconf: unable to initialize frontend: Dialog
debconf: (No usable dialog-like program is installed, so the dialog based frontend cannot be used. at /usr/share/perl5/Debconf/FrontEnd/Dialog.pm line 76.)
debconf: falling back to frontend: Readline
debconf: unable to initialize frontend: Readline
debconf: (Can't locate Term/ReadLine.pm in @INC (@INC contains: /etc/perl /usr/local/lib/perl/5.14.2 /usr/local/share/perl/5.14.2 /usr/lib/perl5 /usr/share/perl5 /usr/lib/perl/5.14 /usr/share/perl/5.14 /usr/local/lib/site_perl .) at /usr/share/perl5/Debconf/FrontEnd/Readline.pm line 7.)
debconf: falling back to frontend: Teletype
Unpacking replacement libc6 ...
Can not write log, openpty() failed (/dev/pts not mounted?)
Setting up libc6 (2.15-0ubuntu10.12) ...
debconf: unable to initialize frontend: Dialog
debconf: (No usable dialog-like program is installed, so the dialog based frontend cannot be used. at /usr/share/perl5/Debconf/FrontEnd/Dialog.pm line 76.)
debconf: falling back to frontend: Readline
debconf: unable to initialize frontend: Readline
debconf: (Can't locate Term/ReadLine.pm in @INC (@INC contains: /etc/perl /usr/local/lib/perl/5.14.2 /usr/local/share/perl/5.14.2 /usr/lib/perl5 /usr/share/perl5 /usr/lib/perl/5.14 /usr/share/perl/5.14 /usr/local/lib/site_perl .) at /usr/share/perl5/Debconf/FrontEnd/Readline.pm line 7.)
debconf: falling back to frontend: Teletype
Processing triggers for libc-bin ...
ldconfig deferred processing now taking place
Can not write log, openpty() failed (/dev/pts not mounted?)
(Reading database ... 7569 files and directories currently installed.)
Preparing to replace sysvinit-utils 2.88dsf-13.10ubuntu11 (using .../sysvinit-utils_2.88dsf-13.10ubuntu11.1_amd64.deb) ...
Unpacking replacement sysvinit-utils ...
Preparing to replace libdbus-1-3 1.4.18-1ubuntu1 (using .../libdbus-1-3_1.4.18-1ubuntu1.7_amd64.deb) ...
Unpacking replacement libdbus-1-3 ...
Preparing to replace libdrm2 2.4.32-1ubuntu1 (using .../libdrm2_2.4.52-1~precise2_amd64.deb) ...
Unpacking replacement libdrm2 ...
Preparing to replace libpciaccess0 0.12.902-1 (using .../libpciaccess0_0.12.902-1ubuntu0.2_amd64.deb) ...
Unpacking replacement libpciaccess0 ...
Preparing to replace libdrm-intel1 2.4.32-1ubuntu1 (using .../libdrm-intel1_2.4.52-1~precise2_amd64.deb) ...
Unpacking replacement libdrm-intel1 ...
Preparing to replace libdrm-nouveau1a 2.4.32-1ubuntu1 (using .../libdrm-nouveau1a_2.4.52-1~precise2_amd64.deb) ...
Unpacking replacement libdrm-nouveau1a ...
Preparing to replace libdrm-radeon1 2.4.32-1ubuntu1 (using .../libdrm-radeon1_2.4.52-1~precise2_amd64.deb) ...
Unpacking replacement libdrm-radeon1 ...
Preparing to replace libpcre3 8.12-4 (using .../libpcre3_8.12-4ubuntu0.1_amd64.deb) ...
Unpacking replacement libpcre3 ...
Preparing to replace libglib2.0-0 2.32.1-0ubuntu2 (using .../libglib2.0-0_2.32.4-0ubuntu1_amd64.deb) ...
Unpacking replacement libglib2.0-0 ...
Preparing to replace libudev0 175-0ubuntu9 (using .../libudev0_175-0ubuntu9.9_amd64.deb) ...
Unpacking replacement libudev0 ...
Preparing to replace busybox-initramfs 1:1.18.5-1ubuntu4 (using .../busybox-initramfs_1%3a1.18.5-1ubuntu4.1_amd64.deb) ...
Unpacking replacement busybox-initramfs ...
Preparing to replace cpio 2.11-7ubuntu3 (using .../cpio_2.11-7ubuntu3.1_amd64.deb) ...
Unpacking replacement cpio ...
Preparing to replace lsb-base 4.0-0ubuntu20 (using .../lsb-base_4.0-0ubuntu20.3_all.deb) ...
Unpacking replacement lsb-base ...
Can not write log, openpty() failed (/dev/pts not mounted?)
Setting up lsb-base (4.0-0ubuntu20.3) ...
Can not write log, openpty() failed (/dev/pts not mounted?)
(Reading database ... 7569 files and directories currently installed.)
Preparing to replace tzdata 2012b-1 (using .../tzdata_2015f-0ubuntu0.12.04_all.deb) ...
Unpacking replacement tzdata ...
Can not write log, openpty() failed (/dev/pts not mounted?)
Setting up tzdata (2015f-0ubuntu0.12.04) ...
debconf: unable to initialize frontend: Dialog
debconf: (No usable dialog-like program is installed, so the dialog based frontend cannot be used. at /usr/share/perl5/Debconf/FrontEnd/Dialog.pm line 76.)
debconf: falling back to frontend: Readline
debconf: unable to initialize frontend: Readline
debconf: (Can't locate Term/ReadLine.pm in @INC (@INC contains: /etc/perl /usr/local/lib/perl/5.14.2 /usr/local/share/perl/5.14.2 /usr/lib/perl5 /usr/share/perl5 /usr/lib/perl/5.14 /usr/share/perl/5.14 /usr/local/lib/site_perl .) at /usr/share/perl5/Debconf/FrontEnd/Readline.pm line 7.)
debconf: falling back to frontend: Teletype

Current default time zone: 'Etc/UTC'
Local time is now:      Thu Aug 20 21:31:38 UTC 2015.
Universal Time is now:  Thu Aug 20 21:31:38 UTC 2015.
Run 'dpkg-reconfigure tzdata' if you wish to change it.

Can not write log, openpty() failed (/dev/pts not mounted?)
(Reading database ... 7569 files and directories currently installed.)
Preparing to replace util-linux 2.20.1-1ubuntu3 (using .../util-linux_2.20.1-1ubuntu3.1_amd64.deb) ...
Unpacking replacement util-linux ...
Can not write log, openpty() failed (/dev/pts not mounted?)
Setting up libdbus-1-3 (1.4.18-1ubuntu1.7) ...
Setting up libudev0 (175-0ubuntu9.9) ...
Setting up sysvinit-utils (2.88dsf-13.10ubuntu11.1) ...
Setting up sysv-rc (2.88dsf-13.10ubuntu11.1) ...
debconf: unable to initialize frontend: Dialog
debconf: (No usable dialog-like program is installed, so the dialog based frontend cannot be used. at /usr/share/perl5/Debconf/FrontEnd/Dialog.pm line 76.)
debconf: falling back to frontend: Readline
debconf: unable to initialize frontend: Readline
debconf: (Can't locate Term/ReadLine.pm in @INC (@INC contains: /etc/perl /usr/local/lib/perl/5.14.2 /usr/local/share/perl/5.14.2 /usr/lib/perl5 /usr/share/perl5 /usr/lib/perl/5.14 /usr/share/perl/5.14 /usr/local/lib/site_perl .) at /usr/share/perl5/Debconf/FrontEnd/Readline.pm line 7.)
debconf: falling back to frontend: Teletype
Setting up libdrm2 (2.4.52-1~precise2) ...
Setting up libpciaccess0 (0.12.902-1ubuntu0.2) ...
Setting up libdrm-intel1 (2.4.52-1~precise2) ...
Setting up libdrm-nouveau1a (2.4.52-1~precise2) ...
Setting up libdrm-radeon1 (2.4.52-1~precise2) ...
Setting up libplymouth2 (0.8.2-2ubuntu31.1) ...
Setting up initramfs-tools-bin (0.99ubuntu13.5) ...
Setting up busybox-initramfs (1:1.18.5-1ubuntu4.1) ...
Setting up cpio (2.11-7ubuntu3.1) ...
Setting up upstart (1.5-0ubuntu7.3) ...
Installing new version of config file /etc/logrotate.d/upstart ...
Setting up util-linux (2.20.1-1ubuntu3.1) ...
Setting up initramfs-tools (0.99ubuntu13.5) ...
update-initramfs: deferring update (trigger activated)
Setting up mountall (2.36.4ubuntu0.1) ...
Installing new version of config file /etc/init/mounted-dev.conf ...
Setting up initscripts (2.88dsf-13.10ubuntu11.1) ...
Setting up plymouth (0.8.2-2ubuntu31.1) ...
update-initramfs: deferring update (trigger activated)
Processing triggers for libc-bin ...
ldconfig deferred processing now taking place
Processing triggers for initramfs-tools ...
Can not write log, openpty() failed (/dev/pts not mounted?)
(Reading database ... 7569 files and directories currently installed.)
Preparing to replace procps 1:3.2.8-11ubuntu6 (using .../procps_1%3a3.2.8-11ubuntu6.4_amd64.deb) ...
invoke-rc.d: policy-rc.d denied execution of stop.
Unpacking replacement procps ...
Preparing to replace udev 175-0ubuntu9 (using .../udev_175-0ubuntu9.9_amd64.deb) ...
Adding 'diversion of /sbin/udevadm to /sbin/udevadm.upgrade by fake-udev'
Unpacking replacement udev ...
Preparing to replace libnih-dbus1 1.0.3-4ubuntu9 (using .../libnih-dbus1_1.0.3-4ubuntu9.1_amd64.deb) ...
Unpacking replacement libnih-dbus1 ...
Preparing to replace libnih1 1.0.3-4ubuntu9 (using .../libnih1_1.0.3-4ubuntu9.1_amd64.deb) ...
Unpacking replacement libnih1 ...
Preparing to replace mount 2.20.1-1ubuntu3 (using .../mount_2.20.1-1ubuntu3.1_amd64.deb) ...
Unpacking replacement mount ...
Can not write log, openpty() failed (/dev/pts not mounted?)
Setting up mount (2.20.1-1ubuntu3.1) ...
Can not write log, openpty() failed (/dev/pts not mounted?)
(Reading database ... 7577 files and directories currently installed.)
Preparing to replace passwd 1:4.1.4.2+svn3283-3ubuntu5 (using .../passwd_1%3a4.1.4.2+svn3283-3ubuntu5.1_amd64.deb) ...
Unpacking replacement passwd ...
Can not write log, openpty() failed (/dev/pts not mounted?)
Setting up passwd (1:4.1.4.2+svn3283-3ubuntu5.1) ...
Can not write log, openpty() failed (/dev/pts not mounted?)
(Reading database ... 7579 files and directories currently installed.)
Preparing to replace iproute 20111117-1ubuntu2 (using .../iproute_20111117-1ubuntu2.3_amd64.deb) ...
Unpacking replacement iproute ...
Preparing to replace ifupdown 0.7~beta2ubuntu8 (using .../ifupdown_0.7~beta2ubuntu11.1_amd64.deb) ...
Unpacking replacement ifupdown ...
Preparing to replace e2fslibs 1.42-1ubuntu2 (using .../e2fslibs_1.42-1ubuntu2.2_amd64.deb) ...
Unpacking replacement e2fslibs ...
Can not write log, openpty() failed (/dev/pts not mounted?)
Setting up e2fslibs (1.42-1ubuntu2.2) ...
Processing triggers for libc-bin ...
ldconfig deferred processing now taking place
Can not write log, openpty() failed (/dev/pts not mounted?)
(Reading database ... 7579 files and directories currently installed.)
Preparing to replace e2fsprogs 1.42-1ubuntu2 (using .../e2fsprogs_1.42-1ubuntu2.2_amd64.deb) ...
Unpacking replacement e2fsprogs ...
Can not write log, openpty() failed (/dev/pts not mounted?)
Setting up e2fsprogs (1.42-1ubuntu2.2) ...
Can not write log, openpty() failed (/dev/pts not mounted?)
(Reading database ... 7579 files and directories currently installed.)
Preparing to replace login 1:4.1.4.2+svn3283-3ubuntu5 (using .../login_1%3a4.1.4.2+svn3283-3ubuntu5.1_amd64.deb) ...
Unpacking replacement login ...
Can not write log, openpty() failed (/dev/pts not mounted?)
Setting up login (1:4.1.4.2+svn3283-3ubuntu5.1) ...
Can not write log, openpty() failed (/dev/pts not mounted?)
(Reading database ... 7579 files and directories currently installed.)
Preparing to replace perl-base 5.14.2-6ubuntu2 (using .../perl-base_5.14.2-6ubuntu2.4_amd64.deb) ...
Unpacking replacement perl-base ...
Can not write log, openpty() failed (/dev/pts not mounted?)
Setting up perl-base (5.14.2-6ubuntu2.4) ...
Can not write log, openpty() failed (/dev/pts not mounted?)
(Reading database ... 7579 files and directories currently installed.)
Preparing to replace bsdutils 1:2.20.1-1ubuntu3 (using .../bsdutils_1%3a2.20.1-1ubuntu3.1_amd64.deb) ...
Unpacking replacement bsdutils ...
Can not write log, openpty() failed (/dev/pts not mounted?)
Setting up bsdutils (1:2.20.1-1ubuntu3.1) ...
Can not write log, openpty() failed (/dev/pts not mounted?)
(Reading database ... 7579 files and directories currently installed.)
Preparing to replace libssl1.0.0 1.0.1-4ubuntu3 (using .../libssl1.0.0_1.0.1-4ubuntu5.31_amd64.deb) ...
Unpacking replacement libssl1.0.0 ...
Can not write log, openpty() failed (/dev/pts not mounted?)
Setting up libssl1.0.0 (1.0.1-4ubuntu5.31) ...
debconf: unable to initialize frontend: Dialog
debconf: (No usable dialog-like program is installed, so the dialog based frontend cannot be used. at /usr/share/perl5/Debconf/FrontEnd/Dialog.pm line 76.)
debconf: falling back to frontend: Readline
debconf: unable to initialize frontend: Readline
debconf: (Can't locate Term/ReadLine.pm in @INC (@INC contains: /etc/perl /usr/local/lib/perl/5.14.2 /usr/local/share/perl/5.14.2 /usr/lib/perl5 /usr/share/perl5 /usr/lib/perl/5.14 /usr/share/perl/5.14 /usr/local/lib/site_perl .) at /usr/share/perl5/Debconf/FrontEnd/Readline.pm line 7.)
debconf: falling back to frontend: Teletype
Processing triggers for libc-bin ...
ldconfig deferred processing now taking place
Can not write log, openpty() failed (/dev/pts not mounted?)
(Reading database ... 7579 files and directories currently installed.)
Preparing to replace python2.7-minimal 2.7.3-0ubuntu3 (using .../python2.7-minimal_2.7.3-0ubuntu3.8_amd64.deb) ...
Unpacking replacement python2.7-minimal ...
Can not write log, openpty() failed (/dev/pts not mounted?)
Setting up python2.7-minimal (2.7.3-0ubuntu3.8) ...
Can not write log, openpty() failed (/dev/pts not mounted?)
(Reading database ... 7579 files and directories currently installed.)
Preparing to replace python-minimal 2.7.3-0ubuntu2 (using .../python-minimal_2.7.3-0ubuntu2.2_amd64.deb) ...
Unpacking replacement python-minimal ...
Can not write log, openpty() failed (/dev/pts not mounted?)
Setting up python-minimal (2.7.3-0ubuntu2.2) ...
Can not write log, openpty() failed (/dev/pts not mounted?)
(Reading database ... 7579 files and directories currently installed.)
Preparing to replace libapt-pkg4.12 0.8.16~exp12ubuntu10 (using .../libapt-pkg4.12_0.8.16~exp12ubuntu10.25_amd64.deb) ...
Unpacking replacement libapt-pkg4.12 ...
Can not write log, openpty() failed (/dev/pts not mounted?)
Setting up libapt-pkg4.12 (0.8.16~exp12ubuntu10.25) ...
Processing triggers for libc-bin ...
ldconfig deferred processing now taking place
Can not write log, openpty() failed (/dev/pts not mounted?)
(Reading database ... 7579 files and directories currently installed.)
Preparing to replace ubuntu-keyring 2011.11.21 (using .../ubuntu-keyring_2011.11.21.1_all.deb) ...
Unpacking replacement ubuntu-keyring ...
Can not write log, openpty() failed (/dev/pts not mounted?)
Setting up ubuntu-keyring (2011.11.21.1) ...
gpg: key 437D05B5: "Ubuntu Archive Automatic Signing Key <ftpmaster@ubuntu.com>" not changed
gpg: key FBB75451: "Ubuntu CD Image Automatic Signing Key <cdimage@ubuntu.com>" not changed
gpg: key C0B21F32: public key "Ubuntu Archive Automatic Signing Key (2012) <ftpmaster@ubuntu.com>" imported
gpg: key EFE21092: public key "Ubuntu CD Image Automatic Signing Key (2012) <cdimage@ubuntu.com>" imported
gpg: Total number processed: 4
gpg:               imported: 2  (RSA: 2)
gpg:              unchanged: 2
gpg: no ultimately trusted keys found
Can not write log, openpty() failed (/dev/pts not mounted?)
(Reading database ... 7579 files and directories currently installed.)
Preparing to replace gpgv 1.4.11-3ubuntu2 (using .../gpgv_1.4.11-3ubuntu2.9_amd64.deb) ...
Unpacking replacement gpgv ...
Can not write log, openpty() failed (/dev/pts not mounted?)
Setting up gpgv (1.4.11-3ubuntu2.9) ...
Can not write log, openpty() failed (/dev/pts not mounted?)
(Reading database ... 7579 files and directories currently installed.)
Preparing to replace gnupg 1.4.11-3ubuntu2 (using .../gnupg_1.4.11-3ubuntu2.9_amd64.deb) ...
Unpacking replacement gnupg ...
Can not write log, openpty() failed (/dev/pts not mounted?)
Setting up gnupg (1.4.11-3ubuntu2.9) ...
Can not write log, openpty() failed (/dev/pts not mounted?)
(Reading database ... 7579 files and directories currently installed.)
Preparing to replace apt 0.8.16~exp12ubuntu10 (using .../apt_0.8.16~exp12ubuntu10.25_amd64.deb) ...
Unpacking replacement apt ...
Can not write log, openpty() failed (/dev/pts not mounted?)
Setting up apt (0.8.16~exp12ubuntu10.25) ...
Installing new version of config file /etc/apt/apt.conf.d/01autoremove ...
gpg: key 437D05B5: "Ubuntu Archive Automatic Signing Key <ftpmaster@ubuntu.com>" not changed
gpg: key FBB75451: "Ubuntu CD Image Automatic Signing Key <cdimage@ubuntu.com>" not changed
gpg: key C0B21F32: "Ubuntu Archive Automatic Signing Key (2012) <ftpmaster@ubuntu.com>" not changed
gpg: key EFE21092: "Ubuntu CD Image Automatic Signing Key (2012) <cdimage@ubuntu.com>" not changed
gpg: Total number processed: 4
gpg:              unchanged: 4
No packages found matching linux-image-[0-9]*.
Can not write log, openpty() failed (/dev/pts not mounted?)
(Reading database ... 7580 files and directories currently installed.)
Preparing to replace libuuid1 2.20.1-1ubuntu3 (using .../libuuid1_2.20.1-1ubuntu3.1_amd64.deb) ...
Unpacking replacement libuuid1 ...
Can not write log, openpty() failed (/dev/pts not mounted?)
Setting up libuuid1 (2.20.1-1ubuntu3.1) ...
Processing triggers for libc-bin ...
ldconfig deferred processing now taking place
Can not write log, openpty() failed (/dev/pts not mounted?)
(Reading database ... 7580 files and directories currently installed.)
Preparing to replace libblkid1 2.20.1-1ubuntu3 (using .../libblkid1_2.20.1-1ubuntu3.1_amd64.deb) ...
Unpacking replacement libblkid1 ...
Can not write log, openpty() failed (/dev/pts not mounted?)
Setting up libblkid1 (2.20.1-1ubuntu3.1) ...
Processing triggers for libc-bin ...
ldconfig deferred processing now taking place
Can not write log, openpty() failed (/dev/pts not mounted?)
(Reading database ... 7580 files and directories currently installed.)
Preparing to replace libcomerr2 1.42-1ubuntu2 (using .../libcomerr2_1.42-1ubuntu2.2_amd64.deb) ...
Unpacking replacement libcomerr2 ...
Can not write log, openpty() failed (/dev/pts not mounted?)
Setting up libcomerr2 (1.42-1ubuntu2.2) ...
Processing triggers for libc-bin ...
ldconfig deferred processing now taking place
Can not write log, openpty() failed (/dev/pts not mounted?)
(Reading database ... 7580 files and directories currently installed.)
Preparing to replace libmount1 2.20.1-1ubuntu3 (using .../libmount1_2.20.1-1ubuntu3.1_amd64.deb) ...
Unpacking replacement libmount1 ...
Can not write log, openpty() failed (/dev/pts not mounted?)
Setting up libmount1 (2.20.1-1ubuntu3.1) ...
Processing triggers for libc-bin ...
ldconfig deferred processing now taking place
Can not write log, openpty() failed (/dev/pts not mounted?)
(Reading database ... 7580 files and directories currently installed.)
Preparing to replace libss2 1.42-1ubuntu2 (using .../libss2_1.42-1ubuntu2.2_amd64.deb) ...
Unpacking replacement libss2 ...
Can not write log, openpty() failed (/dev/pts not mounted?)
Setting up libss2 (1.42-1ubuntu2.2) ...
Processing triggers for libc-bin ...
ldconfig deferred processing now taking place
Can not write log, openpty() failed (/dev/pts not mounted?)
(Reading database ... 7580 files and directories currently installed.)
Preparing to replace libelf1 0.152-1ubuntu3 (using .../libelf1_0.152-1ubuntu3.1_amd64.deb) ...
Unpacking replacement libelf1 ...
Preparing to replace multiarch-support 2.15-0ubuntu10 (using .../multiarch-support_2.15-0ubuntu10.12_amd64.deb) ...
Unpacking replacement multiarch-support ...
Can not write log, openpty() failed (/dev/pts not mounted?)
Setting up multiarch-support (2.15-0ubuntu10.12) ...
Setting up libpcre3 (8.12-4ubuntu0.1) ...
Setting up libglib2.0-0 (2.32.4-0ubuntu1) ...
No schema files found: doing nothing.
Setting up procps (1:3.2.8-11ubuntu6.4) ...
invoke-rc.d: policy-rc.d denied execution of start.
Setting up udev (175-0ubuntu9.9) ...
Installing new version of config file /etc/init/udev-fallback-graphics.conf ...
invoke-rc.d: policy-rc.d denied execution of restart.
Removing 'diversion of /sbin/udevadm to /sbin/udevadm.upgrade by fake-udev'
update-initramfs: deferring update (trigger activated)
Setting up libnih1 (1.0.3-4ubuntu9.1) ...
Setting up libnih-dbus1 (1.0.3-4ubuntu9.1) ...
Setting up iproute (20111117-1ubuntu2.3) ...
Setting up ifupdown (0.7~beta2ubuntu11.1) ...
Installing new version of config file /etc/init/network-interface.conf ...
Setting up libelf1 (0.152-1ubuntu3.1) ...
Processing triggers for libc-bin ...
ldconfig deferred processing now taking place
Processing triggers for initramfs-tools ...
+ '[' -d /home/tianon/downloads/docker-brew-ubuntu-debootstrap/12.04/rootfs/var/lib/apt/lists ']'
+ rm -rf /home/tianon/downloads/docker-brew-ubuntu-debootstrap/12.04/rootfs/var/lib/apt/lists/archive.ubuntu.com_ubuntu_dists_precise_main_binary-amd64_Packages.gz /home/tianon/downloads/docker-brew-ubuntu-debootstrap/12.04/rootfs/var/lib/apt/lists/archive.ubuntu.com_ubuntu_dists_precise_main_binary-i386_Packages.gz /home/tianon/downloads/docker-brew-ubuntu-debootstrap/12.04/rootfs/var/lib/apt/lists/archive.ubuntu.com_ubuntu_dists_precise_Release /home/tianon/downloads/docker-brew-ubuntu-debootstrap/12.04/rootfs/var/lib/apt/lists/archive.ubuntu.com_ubuntu_dists_precise_Release.gpg /home/tianon/downloads/docker-brew-ubuntu-debootstrap/12.04/rootfs/var/lib/apt/lists/archive.ubuntu.com_ubuntu_dists_precise-security_main_binary-amd64_Packages.gz /home/tianon/downloads/docker-brew-ubuntu-debootstrap/12.04/rootfs/var/lib/apt/lists/archive.ubuntu.com_ubuntu_dists_precise-security_main_binary-i386_Packages.gz /home/tianon/downloads/docker-brew-ubuntu-debootstrap/12.04/rootfs/var/lib/apt/lists/archive.ubuntu.com_ubuntu_dists_precise-security_Release /home/tianon/downloads/docker-brew-ubuntu-debootstrap/12.04/rootfs/var/lib/apt/lists/archive.ubuntu.com_ubuntu_dists_precise-security_Release.gpg /home/tianon/downloads/docker-brew-ubuntu-debootstrap/12.04/rootfs/var/lib/apt/lists/archive.ubuntu.com_ubuntu_dists_precise-security_universe_binary-amd64_Packages.gz /home/tianon/downloads/docker-brew-ubuntu-debootstrap/12.04/rootfs/var/lib/apt/lists/archive.ubuntu.com_ubuntu_dists_precise-security_universe_binary-i386_Packages.gz /home/tianon/downloads/docker-brew-ubuntu-debootstrap/12.04/rootfs/var/lib/apt/lists/archive.ubuntu.com_ubuntu_dists_precise_universe_binary-amd64_Packages.gz /home/tianon/downloads/docker-brew-ubuntu-debootstrap/12.04/rootfs/var/lib/apt/lists/archive.ubuntu.com_ubuntu_dists_precise_universe_binary-i386_Packages.gz /home/tianon/downloads/docker-brew-ubuntu-debootstrap/12.04/rootfs/var/lib/apt/lists/archive.ubuntu.com_ubuntu_dists_precise-updates_main_binary-amd64_Packages.gz /home/tianon/downloads/docker-brew-ubuntu-debootstrap/12.04/rootfs/var/lib/apt/lists/archive.ubuntu.com_ubuntu_dists_precise-updates_main_binary-i386_Packages.gz /home/tianon/downloads/docker-brew-ubuntu-debootstrap/12.04/rootfs/var/lib/apt/lists/archive.ubuntu.com_ubuntu_dists_precise-updates_Release /home/tianon/downloads/docker-brew-ubuntu-debootstrap/12.04/rootfs/var/lib/apt/lists/archive.ubuntu.com_ubuntu_dists_precise-updates_Release.gpg /home/tianon/downloads/docker-brew-ubuntu-debootstrap/12.04/rootfs/var/lib/apt/lists/archive.ubuntu.com_ubuntu_dists_precise-updates_universe_binary-amd64_Packages.gz /home/tianon/downloads/docker-brew-ubuntu-debootstrap/12.04/rootfs/var/lib/apt/lists/archive.ubuntu.com_ubuntu_dists_precise-updates_universe_binary-i386_Packages.gz /home/tianon/downloads/docker-brew-ubuntu-debootstrap/12.04/rootfs/var/lib/apt/lists/lock /home/tianon/downloads/docker-brew-ubuntu-debootstrap/12.04/rootfs/var/lib/apt/lists/partial
+ mkdir /home/tianon/downloads/docker-brew-ubuntu-debootstrap/12.04/rootfs/var/lib/apt/lists/partial
+ tar --numeric-owner --create --auto-compress --file /home/tianon/downloads/docker-brew-ubuntu-debootstrap/12.04/rootfs.tar.xz --directory /home/tianon/downloads/docker-brew-ubuntu-debootstrap/12.04/rootfs '--transform=s,^./,,' .
+ cat > '/home/tianon/downloads/docker-brew-ubuntu-debootstrap/12.04/Dockerfile'
+ echo 'CMD ["/bin/bash"]'
+ /home/tianon/docker/docker/contrib/mkimage/../nuke-graph-directory.sh /home/tianon/downloads/docker-brew-ubuntu-debootstrap/12.04/rootfs

Nuking /home/tianon/downloads/docker-brew-ubuntu-debootstrap/12.04/rootfs ...
  (if this is wrong, press Ctrl+C NOW!)

+ sleep 10

+ umount -f /home/tianon/downloads/docker-brew-ubuntu-debootstrap/12.04/rootfs/run/shm
+ rm -rf /home/tianon/downloads/docker-brew-ubuntu-debootstrap/12.04/rootfs
